[supervisor 22:54:18] === Supervisor started. Target: 349 files ===
[supervisor 22:54:18] Run #1: 108/349 done, starting translate.py...
Total SRT files : 349
Already done    : 93
Remaining       : 256

[1/256] 07 Develop Catalog.API Cross-cutting Concerns/014 Seeding CatalogDb with Marten Initial Baseline Data (IInitialData interface).srt
  Batch 1/6 (20 blocks)...
  Partial match (16/20 blocks), continuing...
  Batch 2/6 (20 blocks)...
  Batch 3/6 (20 blocks)...
  Batch 4/6 (20 blocks)...
  Batch 5/6 (20 blocks)...
  Batch 6/6 (11 blocks)...
  -> done
[2/256] 07 Develop Catalog.API Cross-cutting Concerns/015 Test Seeding Initial Data with Marten on PostgresDB for Catalog.API microservice.srt
  Batch 1/4 (20 blocks)...
  Batch 2/4 (20 blocks)...
  Batch 3/4 (20 blocks)...
  Batch 4/4 (10 blocks)...
  -> done
[3/256] 07 Develop Catalog.API Cross-cutting Concerns/016 Develop Pagination for GetProducts Query with ToPagedListAsync extention method.srt
  Batch 1/4 (20 blocks)...
  Batch 2/4 (20 blocks)...
  Batch 3/4 (20 blocks)...
  Batch 4/4 (8 blocks)...
  -> done
[4/256] 07 Develop Catalog.API Cross-cutting Concerns/017 Test Pagination for GetProducts Query with ToPagedListAsync extention method.srt
  Batch 1/3 (20 blocks)...
  Batch 2/3 (20 blocks)...
  Batch 3/3 (10 blocks)...
  -> done
[5/256] 07 Develop Catalog.API Cross-cutting Concerns/018 Health Check for Catalog Microservices with PostgresDB.srt
  Batch 1/5 (20 blocks)...
  Batch 2/5 (20 blocks)...
  Partial match (19/20 blocks), continuing...
  Batch 3/5 (20 blocks)...
  Batch 4/5 (20 blocks)...
  Batch 5/5 (18 blocks)...
  -> done
[6/256] 07 Develop Catalog.API Cross-cutting Concerns/019 Containerize Catalog.API microservices with Docker.srt
  Batch 1/2 (20 blocks)...
[supervisor 22:56:49] === Supervisor started. Target: 349 files ===
[supervisor 22:56:49] Run #1: 113/349 done, starting translate.py...
Total SRT files : 349
Already done    : 98
Remaining       : 251

[1/251] 07 Develop Catalog.API Cross-cutting Concerns/019 Containerize Catalog.API microservices with Docker.srt
  Batch 1/2 (20 blocks)...
  Batch 2/2 (18 blocks)...
  -> done
[2/251] 07 Develop Catalog.API Cross-cutting Concerns/020 Orchestrate Catalog.API microservices with Docker-compose file.srt
  Batch 1/4 (20 blocks)...
  Partial match (19/20 blocks), continuing...
  Batch 2/4 (20 blocks)...
  Batch 3/4 (20 blocks)...
[supervisor 22:57:28] === Supervisor started. Target: 349 files ===
[supervisor 22:57:28] Run #1: 114/349 done, starting translate.py...
Total SRT files : 349
Already done    : 99
Remaining       : 250

[1/250] 07 Develop Catalog.API Cross-cutting Concerns/020 Orchestrate Catalog.API microservices with Docker-compose file.srt
  Batch 1/4 (20 blocks)...
  Partial match (19/20 blocks), continuing...
  Batch 2/4 (20 blocks)...
  Batch 3/4 (20 blocks)...
  Batch 4/4 (15 blocks)...
  -> done
[supervisor 22:57:55] Threshold reached (115 done). Committing...
[supervisor 22:57:55] Committed (115/349 done). Pushing...
[supervisor 22:57:57] Pushed OK.
[2/250] 07 Develop Catalog.API Cross-cutting Concerns/021 TEST - Docker-compose Catalog.API microservices with PostgresDB.srt
  Batch 1/5 (20 blocks)...
  Batch 2/5 (20 blocks)...
  Batch 3/5 (20 blocks)...
  Batch 4/5 (20 blocks)...
  Batch 5/5 (18 blocks)...
  -> done
[supervisor 22:58:19] Threshold reached (116 done). Committing...
[supervisor 22:58:19] Committed (116/349 done). Pushing...
[supervisor 22:58:20] Pushed OK.
[3/250] 08 Basket Microservices with Vertical Slice Architecture and CQRS/001 Introduction - Basket Microservices with Vertical Slice Architecture and CQRS.srt
  Batch 1/2 (20 blocks)...
  Partial match (19/20 blocks), continuing...
  Batch 2/2 (7 blocks)...
  -> done
[supervisor 22:58:25] Threshold reached (117 done). Committing...
[supervisor 22:58:25] Committed (117/349 done). Pushing...
[supervisor 22:58:27] Pushed OK.
[4/250] 08 Basket Microservices with Vertical Slice Architecture and CQRS/002 Create Asp.Net Web API for Basket.API Microservice in Microservices Solution.srt
  Batch 1/3 (20 blocks)...
  Batch 2/3 (20 blocks)...
  Batch 3/3 (9 blocks)...
  -> done
[supervisor 22:58:38] Threshold reached (118 done). Committing...
[supervisor 22:58:38] Committed (118/349 done). Pushing...
[supervisor 22:58:39] Pushed OK.
[5/250] 08 Basket Microservices with Vertical Slice Architecture and CQRS/003 Set Port Numbers for Basket.API Microservice - Modify Launch Settings.srt
  Batch 1/2 (20 blocks)...
  Partial match (19/20 blocks), continuing...
  Batch 2/2 (12 blocks)...
  -> done
[supervisor 22:58:48] Threshold reached (119 done). Committing...
[supervisor 22:58:48] Committed (119/349 done). Pushing...
[supervisor 22:58:49] Pushed OK.
[6/250] 08 Basket Microservices with Vertical Slice Architecture and CQRS/004 Domain Analysis of Basket Microservices Models, UCs, Rest Apis, Databases.srt
  Batch 1/3 (20 blocks)...
  Partial match (19/20 blocks), continuing...
  Batch 2/3 (20 blocks)...
  Batch 3/3 (19 blocks)...
  -> done
[supervisor 22:59:08] Threshold reached (120 done). Committing...
[supervisor 22:59:08] Committed (120/349 done). Pushing...
[supervisor 22:59:09] Pushed OK.
[7/250] 08 Basket Microservices with Vertical Slice Architecture and CQRS/005 Technical Analysis of Basket Microservices Architectures, Patterns, Libraries.srt
  Batch 1/3 (20 blocks)...
  Batch 2/3 (20 blocks)...
  Batch 3/3 (15 blocks)...
  -> done
[supervisor 22:59:20] Threshold reached (121 done). Committing...
[supervisor 22:59:21] Committed (121/349 done). Pushing...
[supervisor 22:59:22] Pushed OK.
[8/250] 08 Basket Microservices with Vertical Slice Architecture and CQRS/006 Develop Basket.API Microservices Creating Domain Entities.srt
  Batch 1/2 (20 blocks)...
  Batch 2/2 (16 blocks)...
  -> done
[supervisor 22:59:29] Threshold reached (122 done). Committing...
[supervisor 22:59:29] Committed (122/349 done). Pushing...
[supervisor 22:59:30] Pushed OK.
[9/250] 08 Basket Microservices with Vertical Slice Architecture and CQRS/007 Develop Vertical Slice Feature Folder with CQRS and MediatR.srt
  Batch 1/3 (20 blocks)...
  Batch 2/3 (20 blocks)...
  Batch 3/3 (4 blocks)...
  -> done
[supervisor 22:59:43] Threshold reached (123 done). Committing...
[supervisor 22:59:43] Committed (123/349 done). Pushing...
[supervisor 22:59:45] Pushed OK.
[10/250] 08 Basket Microservices with Vertical Slice Architecture and CQRS/008 Develop GetBasket Feature Handler class with CQRS and MediatR.srt
  Batch 1/4 (20 blocks)...
  Batch 2/4 (20 blocks)...
  Partial match (19/20 blocks), continuing...
  Batch 3/4 (20 blocks)...
  Batch 4/4 (8 blocks)...
  -> done
[supervisor 23:00:04] Threshold reached (124 done). Committing...
[supervisor 23:00:04] Committed (124/349 done). Pushing...
[supervisor 23:00:06] Pushed OK.
[11/250] 08 Basket Microservices with Vertical Slice Architecture and CQRS/009 Develop Get Basket Endpoint with Minimal Apis and Carter.srt
  Batch 1/4 (20 blocks)...
  Batch 2/4 (20 blocks)...
  Partial match (19/20 blocks), continuing...
  Batch 3/4 (20 blocks)...
  Partial match (19/20 blocks), continuing...
  Batch 4/4 (5 blocks)...
  -> done
[supervisor 23:00:21] Threshold reached (125 done). Committing...
[supervisor 23:00:21] Committed (125/349 done). Pushing...
[supervisor 23:00:23] Pushed OK.
[12/250] 08 Basket Microservices with Vertical Slice Architecture and CQRS/010 Develop StoreBasket Feature Handler class with CQRS and MediatR.srt
  Batch 1/5 (20 blocks)...
  Batch 2/5 (20 blocks)...
  Batch 3/5 (20 blocks)...
  Partial match (18/20 blocks), continuing...
  Batch 4/5 (20 blocks)...
  Partial match (18/20 blocks), continuing...
  Batch 5/5 (4 blocks)...
  -> done
[supervisor 23:00:48] Threshold reached (126 done). Committing...
[supervisor 23:00:48] Committed (126/349 done). Pushing...
[supervisor 23:00:50] Pushed OK.
[13/250] 08 Basket Microservices with Vertical Slice Architecture and CQRS/011 Develop Store Basket Endpoint with Minimal Apis and Carter.srt
  Batch 1/2 (20 blocks)...
  Batch 2/2 (16 blocks)...
  Partial match (15/16 blocks), continuing...
  -> done
[supervisor 23:00:58] Threshold reached (127 done). Committing...
[supervisor 23:00:58] Committed (127/349 done). Pushing...
[supervisor 23:01:00] Pushed OK.
[14/250] 08 Basket Microservices with Vertical Slice Architecture and CQRS/012 Develop DeleteBasket Feature Handler class with CQRS and MediatR.srt
  Batch 1/2 (20 blocks)...
  Batch 2/2 (17 blocks)...
  -> done
[supervisor 23:01:09] Threshold reached (128 done). Committing...
[supervisor 23:01:09] Committed (128/349 done). Pushing...
[supervisor 23:01:11] Pushed OK.
[15/250] 08 Basket Microservices with Vertical Slice Architecture and CQRS/013 Develop Delete Basket Endpoint with Minimal Apis and Carter.srt
  Batch 1/2 (20 blocks)...
  Batch 2/2 (6 blocks)...
  -> done
[supervisor 23:01:16] Threshold reached (129 done). Committing...
[supervisor 23:01:16] Committed (129/349 done). Pushing...
[supervisor 23:01:17] Pushed OK.
[16/250] 08 Basket Microservices with Vertical Slice Architecture and CQRS/014 Register MediatR and Carter libraries into Asp.Net Dependency Injection Service.srt
  Batch 1/3 (20 blocks)...
  Batch 2/3 (20 blocks)...
  Batch 3/3 (10 blocks)...
  -> done
[supervisor 23:01:31] Threshold reached (130 done). Committing...
[supervisor 23:01:31] Committed (130/349 done). Pushing...
[supervisor 23:01:32] Pushed OK.
[17/250] 08 Basket Microservices with Vertical Slice Architecture and CQRS/015 Test Basket API - GET and POST Basket Request - Debug Carter Minimal API.srt
  Batch 1/5 (20 blocks)...
  Batch 2/5 (20 blocks)...
  Batch 3/5 (20 blocks)...
  Partial match (17/20 blocks), continuing...
  Batch 4/5 (20 blocks)...
  Batch 5/5 (5 blocks)...
  -> done
[supervisor 23:01:51] Threshold reached (131 done). Committing...
[supervisor 23:01:52] Committed (131/349 done). Pushing...
[supervisor 23:01:53] Pushed OK.
[18/250] 08 Basket Microservices with Vertical Slice Architecture and CQRS/016 Infrastructure - Data Concerns for Basket API - Marten .NET Transactional DB.srt
  Batch 1/2 (20 blocks)...
  Batch 2/2 (7 blocks)...
  -> done
[supervisor 23:02:00] Threshold reached (132 done). Committing...
[supervisor 23:02:00] Committed (132/349 done). Pushing...
[supervisor 23:02:02] Pushed OK.
[19/250] 08 Basket Microservices with Vertical Slice Architecture and CQRS/017 Develop BasketRepository Class using Marten Library.srt
  Batch 1/3 (20 blocks)...
  Partial match (17/20 blocks), continuing...
  Batch 2/3 (20 blocks)...
  Batch 3/3 (16 blocks)...
  -> done
[supervisor 23:02:14] Threshold reached (133 done). Committing...
[supervisor 23:02:14] Committed (133/349 done). Pushing...
[supervisor 23:02:15] Pushed OK.
[20/250] 08 Basket Microservices with Vertical Slice Architecture and CQRS/018 Implement IBasketRepository Class using Marten IDocumentSession interface.srt
  Batch 1/5 (20 blocks)...
  Batch 2/5 (20 blocks)...
  Batch 3/5 (20 blocks)...
  Batch 4/5 (20 blocks)...
  Batch 5/5 (1 blocks)...
  -> done
[supervisor 23:02:34] Threshold reached (134 done). Committing...
[supervisor 23:02:34] Committed (134/349 done). Pushing...
[supervisor 23:02:35] Pushed OK.
[21/250] 08 Basket Microservices with Vertical Slice Architecture and CQRS/019 Register and Configure Marten DocumentDB library into Program.cs asp.net DI.srt
  Batch 1/3 (20 blocks)...
  Batch 2/3 (20 blocks)...
  Partial match (18/20 blocks), continuing...
  Batch 3/3 (16 blocks)...
  Partial match (14/16 blocks), continuing...
  -> done
[supervisor 23:02:51] Threshold reached (135 done). Committing...
[supervisor 23:02:51] Committed (135/349 done). Pushing...
[supervisor 23:02:52] Pushed OK.
[22/250] 08 Basket Microservices with Vertical Slice Architecture and CQRS/020 Setup PostgreSQL DB for Basket ms using Docker-compose file for Multi-container.srt
  Batch 1/4 (20 blocks)...
  Batch 2/4 (20 blocks)...
  Batch 3/4 (20 blocks)...
  Batch 4/4 (4 blocks)...
  -> done
[supervisor 23:03:07] Threshold reached (136 done). Committing...
[supervisor 23:03:07] Committed (136/349 done). Pushing...
[supervisor 23:03:08] Pushed OK.
[23/250] 08 Basket Microservices with Vertical Slice Architecture and CQRS/021 Run Docker-Compose on Visual Studio to setup PostgreSQL DB on Docker.srt
  Batch 1/3 (20 blocks)...
  Batch 2/3 (20 blocks)...
  Partial match (19/20 blocks), continuing...
  Batch 3/3 (1 blocks)...
  -> done
[supervisor 23:03:18] Threshold reached (137 done). Committing...
[supervisor 23:03:19] Committed (137/349 done). Pushing...
[supervisor 23:03:20] Pushed OK.
[24/250] 08 Basket Microservices with Vertical Slice Architecture and CQRS/022 Develop Basket Features in CQRS Handler classes using BasketRepository.srt
  Batch 1/4 (20 blocks)...
  Batch 2/4 (20 blocks)...
  Batch 3/4 (20 blocks)...
  Batch 4/4 (11 blocks)...
  -> done
[supervisor 23:03:38] Threshold reached (138 done). Committing...
[supervisor 23:03:38] Committed (138/349 done). Pushing...
[supervisor 23:03:39] Pushed OK.
[25/250] 08 Basket Microservices with Vertical Slice Architecture and CQRS/023 Connect Postgres DB from local Basket Microservices and send POST request.srt
  Batch 1/4 (20 blocks)...
  Batch 2/4 (20 blocks)...
  Batch 3/4 (20 blocks)...
  Batch 4/4 (4 blocks)...
  -> done
[supervisor 23:03:54] Threshold reached (139 done). Committing...
[supervisor 23:03:55] Committed (139/349 done). Pushing...
[supervisor 23:03:56] Pushed OK.
[26/250] 08 Basket Microservices with Vertical Slice Architecture and CQRS/024 TEST Basket Microservices Endpoints connecting with Marten and Postgres DB.srt
  Batch 1/4 (20 blocks)...
  Batch 2/4 (20 blocks)...
  Batch 3/4 (20 blocks)...
  Batch 4/4 (1 blocks)...
  -> done
[supervisor 23:04:12] Threshold reached (140 done). Committing...
[supervisor 23:04:12] Committed (140/349 done). Pushing...
[supervisor 23:04:13] Pushed OK.
[27/250] 08 Basket Microservices with Vertical Slice Architecture and CQRS/025 Exception Handling in Basket Microservices.srt
  Batch 1/3 (20 blocks)...
  Batch 2/3 (20 blocks)...
  Batch 3/3 (11 blocks)...
  -> done
[supervisor 23:04:26] Threshold reached (141 done). Committing...
[supervisor 23:04:27] Committed (141/349 done). Pushing...
[supervisor 23:04:28] Pushed OK.
[28/250] 09 Basket Microservices apply Distributed Caching with Redis/001 Distributed Caching with Redis in Basket Microservices.srt
  Batch 1/2 (20 blocks)...
  Batch 2/2 (12 blocks)...
  Partial match (11/12 blocks), continuing...
  -> done
[supervisor 23:04:36] Threshold reached (142 done). Committing...
[supervisor 23:04:36] Committed (142/349 done). Pushing...
[supervisor 23:04:38] Pushed OK.
[29/250] 09 Basket Microservices apply Distributed Caching with Redis/002 Cache-aside Pattern in Microservices  Cache Invalidation.srt
  Batch 1/3 (20 blocks)...
  Batch 2/3 (20 blocks)...
  Batch 3/3 (2 blocks)...
  -> done
[supervisor 23:04:47] Threshold reached (143 done). Committing...
[supervisor 23:04:47] Committed (143/349 done). Pushing...
[supervisor 23:04:48] Pushed OK.
[30/250] 09 Basket Microservices apply Distributed Caching with Redis/003 Proxy Pattern, Decorator Pattern and Scrutor Library.srt
  Batch 1/3 (20 blocks)...
  Batch 2/3 (20 blocks)...
  Batch 3/3 (6 blocks)...
  -> done
[supervisor 23:04:59] Threshold reached (144 done). Committing...
[supervisor 23:04:59] Committed (144/349 done). Pushing...
[supervisor 23:05:01] Pushed OK.
[31/250] 09 Basket Microservices apply Distributed Caching with Redis/004 Develop CachedBasketRepository with Proxy Pattern, Decorator Pattern and Scrutor.srt
  Batch 1/2 (20 blocks)...
  Partial match (19/20 blocks), continuing...
  Batch 2/2 (20 blocks)...
  -> done
[supervisor 23:05:09] Threshold reached (145 done). Committing...
[supervisor 23:57:02] === Supervisor started. Target: 349 files ===
[supervisor 23:57:02] Run #1: 145/349 done, starting translate.py...
Total SRT files : 349
Already done    : 130
Remaining       : 219

[1/219] 09 Basket Microservices apply Distributed Caching with Redis/005 Develop CachedBasketRepository with Proxy Pattern, Decorator Pattern and Scrutor.srt
  Batch 1/6 (20 blocks)...
  Batch 2/6 (20 blocks)...
  Batch 3/6 (20 blocks)...
  Batch 4/6 (20 blocks)...
  Batch 5/6 (20 blocks)...
  Batch 6/6 (12 blocks)...
  -> done
[supervisor 23:57:29] Threshold reached (146 done). Committing...
[supervisor 23:57:29] Committed (146/349 done). Pushing...
[supervisor 23:57:30] Pushed OK.
[2/219] 09 Basket Microservices apply Distributed Caching with Redis/006 Register Decorated CachedBasketRepository and StackExchangeRedis with Scrutor.srt
  Batch 1/4 (20 blocks)...
  Partial match (17/20 blocks), continuing...
  Batch 2/4 (20 blocks)...
  Batch 3/4 (20 blocks)...
  Batch 4/4 (11 blocks)...
  -> done
[supervisor 23:57:48] Threshold reached (147 done). Committing...
[supervisor 23:57:48] Committed (147/349 done). Pushing...
[supervisor 23:57:49] Pushed OK.
[3/219] 09 Basket Microservices apply Distributed Caching with Redis/007 ECommerce Microservices Deployment Strategy.srt
  Batch 1/2 (20 blocks)...
  Batch 2/2 (12 blocks)...
  -> done
[supervisor 23:57:57] Threshold reached (148 done). Committing...
[supervisor 23:57:57] Committed (148/349 done). Pushing...
[supervisor 23:57:58] Pushed OK.
[4/219] 09 Basket Microservices apply Distributed Caching with Redis/008 Setup Redis as a Distributed Cache using Docker-compose file for Multi-container.srt
  Batch 1/2 (20 blocks)...
  Batch 2/2 (15 blocks)...
  -> done
[supervisor 23:58:07] Threshold reached (149 done). Committing...
[supervisor 23:58:07] Committed (149/349 done). Pushing...
[supervisor 23:58:08] Pushed OK.
[5/219] 09 Basket Microservices apply Distributed Caching with Redis/009 Run Docker-Compose on Visual Studio to setup Redis Distributed Cache on Docker.srt
  Batch 1/3 (20 blocks)...
  Partial match (15/20 blocks), continuing...
  Batch 2/3 (20 blocks)...
  Batch 3/3 (14 blocks)...
  -> done
[supervisor 23:58:18] Threshold reached (150 done). Committing...
[supervisor 23:58:18] Committed (150/349 done). Pushing...
[supervisor 23:58:19] Pushed OK.
[6/219] 09 Basket Microservices apply Distributed Caching with Redis/010 Configure docker-compose launch settings - Not open browser for microservices.srt
  Batch 1/3 (20 blocks)...
  Batch 2/3 (20 blocks)...
  Batch 3/3 (3 blocks)...
  -> done
[supervisor 23:58:33] Threshold reached (151 done). Committing...
[supervisor 23:58:33] Committed (151/349 done). Pushing...
[supervisor 23:58:35] Pushed OK.
[7/219] 09 Basket Microservices apply Distributed Caching with Redis/011 Connect Redis Cache from local Basket Microservices and send GET request.srt
  Batch 1/6 (20 blocks)...
  Batch 2/6 (20 blocks)...
  Batch 3/6 (20 blocks)...
  Batch 4/6 (20 blocks)...
  Batch 5/6 (20 blocks)...
  Batch 6/6 (13 blocks)...
  -> done
[supervisor 23:59:10] Threshold reached (152 done). Committing...
[supervisor 23:59:10] Committed (152/349 done). Pushing...
[supervisor 23:59:11] Pushed OK.
[8/219] 09 Basket Microservices apply Distributed Caching with Redis/012 Health Check for Basket Microservices with PostgresDB and Redis Cache.srt
  Batch 1/5 (20 blocks)...
  Batch 2/5 (20 blocks)...
  Batch 3/5 (20 blocks)...
  Batch 4/5 (20 blocks)...
  Batch 5/5 (12 blocks)...
  -> done
[supervisor 23:59:31] Threshold reached (153 done). Committing...
[supervisor 23:59:31] Committed (153/349 done). Pushing...
[supervisor 23:59:33] Pushed OK.
[9/219] 09 Basket Microservices apply Distributed Caching with Redis/013 Containerize Basket.API Microservices with Docker.srt
  Batch 1/2 (20 blocks)...
  Batch 2/2 (13 blocks)...
  -> done
[supervisor 23:59:38] Threshold reached (154 done). Committing...
[supervisor 23:59:39] Committed (154/349 done). Pushing...
[supervisor 23:59:40] Pushed OK.
[10/219] 09 Basket Microservices apply Distributed Caching with Redis/014 Orchestrate Basket.API Microservices with Docker-compose file.srt
  Batch 1/5 (20 blocks)...
  Batch 2/5 (20 blocks)...
  Batch 3/5 (20 blocks)...
  Batch 4/5 (20 blocks)...
  Partial match (19/20 blocks), continuing...
  Batch 5/5 (3 blocks)...
  -> done
[supervisor 00:00:05] Threshold reached (155 done). Committing...
[supervisor 00:00:05] Committed (155/349 done). Pushing...
[supervisor 00:00:07] Pushed OK.
[11/219] 09 Basket Microservices apply Distributed Caching with Redis/015 TEST - Docker-compose Basket.API microservices with PostgresDB and Redis.srt
  Batch 1/5 (20 blocks)...
  Batch 2/5 (20 blocks)...
  Batch 3/5 (20 blocks)...
  Batch 4/5 (20 blocks)...
  Batch 5/5 (17 blocks)...
  -> done
[supervisor 00:00:28] Threshold reached (156 done). Committing...
[supervisor 00:00:28] Committed (156/349 done). Pushing...
[supervisor 00:00:30] Pushed OK.
[12/219] 10 Microservices Synchronous Communications with gRPC/001 Microservices Communication Types Synchronous or Asynchronous Communication.srt
  Batch 1/2 (20 blocks)...
  Partial match (17/20 blocks), continuing...
  Batch 2/2 (11 blocks)...
  -> done
[supervisor 00:00:40] Threshold reached (157 done). Committing...
[supervisor 00:00:40] Committed (157/349 done). Pushing...
[supervisor 00:00:41] Pushed OK.
[13/219] 10 Microservices Synchronous Communications with gRPC/002 Microservices Synchronous Communications and Best Practices.srt
  Batch 1/1 (14 blocks)...
  -> done
[supervisor 00:00:43] Threshold reached (158 done). Committing...
[supervisor 00:00:43] Committed (158/349 done). Pushing...
[supervisor 00:00:45] Pushed OK.
[14/219] 10 Microservices Synchronous Communications with gRPC/003 gRPC High Performance Remote Procedure Calls.srt
  Batch 1/1 (16 blocks)...
  -> done
[supervisor 00:00:49] Threshold reached (159 done). Committing...
[supervisor 00:00:49] Committed (159/349 done). Pushing...
[supervisor 00:00:50] Pushed OK.
[15/219] 10 Microservices Synchronous Communications with gRPC/004 How gRPC works.srt
  Batch 1/1 (12 blocks)...
  -> done
[supervisor 00:00:53] Threshold reached (160 done). Committing...
[supervisor 00:00:53] Committed (160/349 done). Pushing...
[supervisor 00:00:53] Push failed (attempt 1), retrying in 2s...
[supervisor 00:06:30] === Supervisor started. Target: 349 files ===
[supervisor 00:06:30] Run #1: 160/349 done, starting translate.py...
Total SRT files : 349
Already done    : 145
Remaining       : 204

[1/204] 10 Microservices Synchronous Communications with gRPC/005 gRPC Usage in Microservices Communication.srt
  Batch 1/2 (20 blocks)...
  Batch 2/2 (3 blocks)...
  -> done
[supervisor 00:06:42] Threshold reached (161 done). Committing...
[supervisor 00:06:42] Committed (161/349 done). Pushing...
[supervisor 00:06:43] Pushed OK.
[2/204] 11 Discount.Grpc Microservices for Microservices Grpc Communication/001 Introduction - Discount.Grpc Microservices for Microservices Grpc Communication.srt
  Batch 1/2 (20 blocks)...
  Batch 2/2 (20 blocks)...
  -> done
[supervisor 00:06:51] Threshold reached (162 done). Committing...
[supervisor 00:06:51] Committed (162/349 done). Pushing...
[supervisor 00:06:53] Pushed OK.
[3/204] 11 Discount.Grpc Microservices for Microservices Grpc Communication/002 Create Asp.Net Grpc for Discount Microservices in Microservices Solution.srt
  Batch 1/8 (20 blocks)...
  Batch 2/8 (20 blocks)...
  Batch 3/8 (20 blocks)...
  Batch 4/8 (20 blocks)...
  Batch 5/8 (20 blocks)...
  Partial match (19/20 blocks), continuing...
  Batch 6/8 (20 blocks)...
  Batch 7/8 (20 blocks)...
  Batch 8/8 (1 blocks)...
  -> done
[supervisor 00:07:26] Threshold reached (163 done). Committing...
[supervisor 00:07:26] Committed (163/349 done). Pushing...
[supervisor 00:07:28] Pushed OK.
[4/204] 11 Discount.Grpc Microservices for Microservices Grpc Communication/003 Domain Analysis of Discount Microservices Models, UCs, Rest Apis, Databases.srt
  Batch 1/2 (20 blocks)...
  Batch 2/2 (15 blocks)...
  -> done
[supervisor 00:07:36] Threshold reached (164 done). Committing...
[supervisor 00:07:36] Committed (164/349 done). Pushing...
[supervisor 00:07:37] Pushed OK.
[5/204] 11 Discount.Grpc Microservices for Microservices Grpc Communication/004 Technical Analysis of Discount Microservices Architectures, Patterns, Libraries.srt
  Batch 1/3 (20 blocks)...
  Batch 2/3 (20 blocks)...
  Partial match (19/20 blocks), continuing...
  Batch 3/3 (7 blocks)...
  -> done
[supervisor 00:07:47] Threshold reached (165 done). Committing...
[supervisor 00:07:47] Committed (165/349 done). Pushing...
[supervisor 00:07:48] Pushed OK.
[6/204] 11 Discount.Grpc Microservices for Microservices Grpc Communication/005 Develop Discount.API Microservices Creating Domain Entities.srt
  Batch 1/1 (12 blocks)...
  -> done
[supervisor 00:07:51] Threshold reached (166 done). Committing...
[supervisor 00:07:51] Committed (166/349 done). Pushing...
[supervisor 00:07:52] Pushed OK.
[7/204] 11 Discount.Grpc Microservices for Microservices Grpc Communication/006 Develop discount.proto ProtoBuf file for Exposing Crud Services in Discount Grpc.srt
  Batch 1/3 (20 blocks)...
  Partial match (19/20 blocks), continuing...
  Batch 2/3 (20 blocks)...
  Batch 3/3 (13 blocks)...
  Partial match (12/13 blocks), continuing...
  -> done
[supervisor 00:08:04] Threshold reached (167 done). Committing...
[supervisor 00:08:04] Committed (167/349 done). Pushing...
[supervisor 00:08:05] Pushed OK.
[8/204] 11 Discount.Grpc Microservices for Microservices Grpc Communication/007 Generate Proto Service Class from Discount proto File in Discount Grpc service.srt
  Batch 1/3 (20 blocks)...
  Batch 2/3 (20 blocks)...
  Batch 3/3 (5 blocks)...
  -> done
[supervisor 00:08:15] Threshold reached (168 done). Committing...
[supervisor 00:08:15] Committed (168/349 done). Pushing...
[supervisor 00:08:17] Pushed OK.
[9/204] 11 Discount.Grpc Microservices for Microservices Grpc Communication/008 Develop DiscountService class to Implement Grpc Proto Service Methods.srt
  Batch 1/3 (20 blocks)...
  Batch 2/3 (20 blocks)...
  Batch 3/3 (1 blocks)...
  -> done
[supervisor 00:08:27] Threshold reached (169 done). Committing...
[supervisor 00:08:27] Committed (169/349 done). Pushing...
[supervisor 00:08:28] Pushed OK.
[10/204] 11 Discount.Grpc Microservices for Microservices Grpc Communication/009 Configure DiscountGrpc Service to Request Pipeline in Program.cs and Invoke Grpc.srt
  Batch 1/4 (20 blocks)...
  Batch 2/4 (20 blocks)...
  Batch 3/4 (20 blocks)...
  Batch 4/4 (9 blocks)...
  -> done
[supervisor 00:08:45] Threshold reached (170 done). Committing...
[supervisor 00:08:45] Committed (170/349 done). Pushing...
[supervisor 00:08:46] Pushed OK.
[11/204] 11 Discount.Grpc Microservices for Microservices Grpc Communication/010 Entity Framework Core and SQLite Database Connection in Discount Microservices.srt
  Batch 1/4 (20 blocks)...
  Batch 2/4 (20 blocks)...
  Batch 3/4 (20 blocks)...
  Batch 4/4 (3 blocks)...
  -> done
[supervisor 00:09:04] Threshold reached (171 done). Committing...
[supervisor 00:09:04] Committed (171/349 done). Pushing...
[supervisor 00:09:06] Pushed OK.
[12/204] 11 Discount.Grpc Microservices for Microservices Grpc Communication/011 Create SQLite Database using Entity Framework Core Tools in Discount service.srt
  Batch 1/4 (20 blocks)...
  Partial match (19/20 blocks), continuing...
  Batch 2/4 (20 blocks)...
  Batch 3/4 (20 blocks)...
  Batch 4/4 (16 blocks)...
  -> done
[supervisor 00:09:21] Threshold reached (172 done). Committing...
[supervisor 00:09:21] Committed (172/349 done). Pushing...
[supervisor 00:09:23] Pushed OK.
[13/204] 11 Discount.Grpc Microservices for Microservices Grpc Communication/012 Seed and Auto-Migrate SQLite Database using Entity Framework Core in Discount.srt
  Batch 1/4 (20 blocks)...
  Batch 2/4 (20 blocks)...
  Partial match (19/20 blocks), continuing...
  Batch 3/4 (20 blocks)...
  Partial match (19/20 blocks), continuing...
  Batch 4/4 (14 blocks)...
  -> done
[supervisor 00:09:42] Threshold reached (173 done). Committing...
[supervisor 00:09:42] Committed (173/349 done). Pushing...
[supervisor 00:09:43] Pushed OK.
[14/204] 11 Discount.Grpc Microservices for Microservices Grpc Communication/013 TEST - Seed and Auto-Migrate SQLite Database using Entity Framework Core.srt
  Batch 1/3 (20 blocks)...
  Batch 2/3 (20 blocks)...
  Batch 3/3 (14 blocks)...
  -> done
[supervisor 00:09:57] Threshold reached (174 done). Committing...
[supervisor 00:09:57] Committed (174/349 done). Pushing...
[supervisor 00:09:59] Pushed OK.
[15/204] 11 Discount.Grpc Microservices for Microservices Grpc Communication/014 Develop DiscountService class to Implement Grpc Proto Service Methods.srt
  Batch 1/6 (20 blocks)...
  Batch 2/6 (20 blocks)...
  Batch 3/6 (20 blocks)...
  Batch 4/6 (20 blocks)...
  Batch 5/6 (20 blocks)...
  Batch 6/6 (17 blocks)...
  -> done
[supervisor 00:10:27] Threshold reached (175 done). Committing...
[supervisor 00:10:27] Committed (175/349 done). Pushing...
[supervisor 00:10:29] Pushed OK.
[16/204] 11 Discount.Grpc Microservices for Microservices Grpc Communication/015 Develop CreateDiscount in DiscountService class to Implement CRUD Grpc Proto.srt
  Batch 1/5 (20 blocks)...
  Batch 2/5 (20 blocks)...
  Batch 3/5 (20 blocks)...
  Batch 4/5 (20 blocks)...
[supervisor 01:28:20] === Supervisor started. Target: 349 ===
[supervisor 01:28:20] --- Run #1 ---
[supervisor 01:28:20] Starting translate.py (175/349 done)...
Total SRT files : 349
Already done    : 160
Remaining       : 189

[1/189] 11 Discount.Grpc Microservices for Microservices Grpc Communication/015 Develop CreateDiscount in DiscountService class to Implement CRUD Grpc Proto.srt
  Batch 1/5 (20 blocks)...
  Batch 2/5 (20 blocks)...
  Batch 3/5 (20 blocks)...
  Batch 4/5 (20 blocks)...
  Batch 5/5 (7 blocks)...
  -> done
[2/189] 11 Discount.Grpc Microservices for Microservices Grpc Communication/016 Develop UpdateDiscount in DiscountService class to Implement CRUD Grpc Proto.srt
  Batch 1/2 (20 blocks)...
  Batch 2/2 (16 blocks)...
  -> done
[3/189] 11 Discount.Grpc Microservices for Microservices Grpc Communication/017 Develop DeleteDiscount in DiscountService class to Implement CRUD Grpc Proto.srt
  Batch 1/3 (20 blocks)...
  Batch 2/3 (20 blocks)...
  Batch 3/3 (13 blocks)...
  -> done
[supervisor 01:29:09] Threshold (178 done). Committing...
[supervisor 01:29:09] Committed (178/349). Pushing...
[supervisor 01:29:10] Pushed OK.
[4/189] 11 Discount.Grpc Microservices for Microservices Grpc Communication/018 Containerize Discount.Grpc microservices with Docker.srt
  Batch 1/1 (18 blocks)...
  -> done
[5/189] 11 Discount.Grpc Microservices for Microservices Grpc Communication/019 Orchestrate Discount.Grpc microservices with Docker-compose file.srt
  Batch 1/3 (20 blocks)...
  Batch 2/3 (20 blocks)...
  Batch 3/3 (3 blocks)...
  -> done
[6/189] 11 Discount.Grpc Microservices for Microservices Grpc Communication/020 TEST - Docker-compose Discount.Grpc microservices with SQLite.srt
  Batch 1/5 (20 blocks)...
  Batch 2/5 (20 blocks)...
  Partial match (19/20 blocks), continuing...
  Batch 3/5 (20 blocks)...
  Batch 4/5 (20 blocks)...
  Batch 5/5 (16 blocks)...
  -> done
[supervisor 01:29:50] Threshold (181 done). Committing...
[supervisor 01:29:50] Committed (181/349). Pushing...
[supervisor 01:29:51] Pushed OK.
[7/189] 12 Consuming Discount Grpc Service From Basket Microservice When Adding Cart Item/001 Introduction - Consuming Discount Grpc Service From Basket Microservice.srt
  Batch 1/2 (20 blocks)...
  Batch 2/2 (11 blocks)...
  -> done
[8/189] 12 Consuming Discount Grpc Service From Basket Microservice When Adding Cart Item/002 Consuming Discount Grpc Service From Basket Microservice When Adding Cart Item.srt
  Batch 1/5 (20 blocks)...
  Batch 2/5 (20 blocks)...
  Batch 3/5 (20 blocks)...
  Batch 4/5 (20 blocks)...
  Batch 5/5 (3 blocks)...
  -> done
[9/189] 12 Consuming Discount Grpc Service From Basket Microservice When Adding Cart Item/003 Consuming Discount Grpc Service From Basket API Microservice When Adding Cart -2.srt
  Batch 1/3 (20 blocks)...
  Batch 2/3 (20 blocks)...
  Batch 3/3 (10 blocks)...
  -> done
[supervisor 01:30:31] Threshold (184 done). Committing...
[supervisor 01:30:31] Committed (184/349). Pushing...
[supervisor 01:30:32] Pushed OK.
[10/189] 12 Consuming Discount Grpc Service From Basket Microservice When Adding Cart Item/004 Register Discount Grpc Client and Discount Grpc Service into the Basket.API.srt
  Batch 1/3 (20 blocks)...
  Batch 2/3 (20 blocks)...
  Batch 3/3 (16 blocks)...
  -> done
[11/189] 12 Consuming Discount Grpc Service From Basket Microservice When Adding Cart Item/005 Test and Run Discount Grpc and Basket Microservice.srt
  Batch 1/5 (20 blocks)...
  Partial match (18/20 blocks), continuing...
  Batch 2/5 (20 blocks)...
  Batch 3/5 (20 blocks)...
  Batch 4/5 (20 blocks)...
  Batch 5/5 (15 blocks)...
  -> done
[12/189] 12 Consuming Discount Grpc Service From Basket Microservice When Adding Cart Item/006 Add Grpc DiscountUrl Configuration in Basket.API image configuration on Docker.srt
  Batch 1/3 (20 blocks)...
  Batch 2/3 (20 blocks)...
  Batch 3/3 (18 blocks)...
  Partial match (17/18 blocks), continuing...
  -> done
[supervisor 01:31:30] Threshold (187 done). Committing...
[supervisor 01:31:30] Committed (187/349). Pushing...
[supervisor 01:31:31] Pushed OK.
[13/189] 12 Consuming Discount Grpc Service From Basket Microservice When Adding Cart Item/007 Test on Docker environment - Basket.API communicate with Discount.Grpc in Docker.srt
  Batch 1/4 (20 blocks)...
  Batch 2/4 (20 blocks)...
  Batch 3/4 (20 blocks)...
  Batch 4/4 (2 blocks)...
  -> done
[14/189] 12 Consuming Discount Grpc Service From Basket Microservice When Adding Cart Item/008 Test on Docker - Basket.API communicate with Discount.Grpc in Docker - Part 2.srt
  Batch 1/2 (20 blocks)...
  Batch 2/2 (4 blocks)...
  -> done
[15/189] 13 Ordering Microservices with DDD, CQRS and Clean Architecture/001 Introduction - Ordering Microservices with DDD, CQRS and Clean Architecture.srt
  Batch 1/3 (20 blocks)...
  Batch 2/3 (20 blocks)...
  Batch 3/3 (4 blocks)...
  -> done
[supervisor 01:32:05] Threshold (190 done). Committing...
[supervisor 01:32:05] Committed (190/349). Pushing...
[supervisor 01:32:07] Pushed OK.
[16/189] 13 Ordering Microservices with DDD, CQRS and Clean Architecture/002 Create Asp.Net Web Api for Ordering.API Microservice in Microservices Solution.srt
  Batch 1/4 (20 blocks)...
  Batch 2/4 (20 blocks)...
  Batch 3/4 (20 blocks)...
  Batch 4/4 (4 blocks)...
  -> done
[17/189] 13 Ordering Microservices with DDD, CQRS and Clean Architecture/003 Domain Analysis of Ordering Microservices Models, UCs, Rest Apis, Databases.srt
  Batch 1/3 (20 blocks)...
  Batch 2/3 (20 blocks)...
  Batch 3/3 (16 blocks)...
  -> done
[18/189] 13 Ordering Microservices with DDD, CQRS and Clean Architecture/004 Technical Analysis of Ordering Microservices Architectures, Patterns, Libraries.srt
  Batch 1/3 (20 blocks)...
  Error: "Could not resolve authentication method. Expected either api_key or auth_token to be set. Or for one of the `X-Api-Key` or `Authorization` headers to be explicitly omitted", retry 1/5 in 2s...
[supervisor 01:40:36] === Supervisor started. Target: 349 ===
[supervisor 01:40:36] --- Run #1 ---
[supervisor 01:40:36] Starting translate.py (192/349 done)...
Total SRT files : 349
Already done    : 177
Remaining       : 172

[1/172] 13 Ordering Microservices with DDD, CQRS and Clean Architecture/004 Technical Analysis of Ordering Microservices Architectures, Patterns, Libraries.srt
  Batch 1/3 (20 blocks)...
  Batch 2/3 (20 blocks)...
  Partial match (13/20 blocks), continuing...
  Batch 3/3 (20 blocks)...
  -> done
[2/172] 13 Ordering Microservices with DDD, CQRS and Clean Architecture/005 SOLID, KISS, YAGNI, SoC, DIP - Common Principles.srt
  Batch 1/3 (20 blocks)...
  Batch 2/3 (20 blocks)...
  Partial match (18/20 blocks), continuing...
  Batch 3/3 (3 blocks)...
  -> done
[3/172] 13 Ordering Microservices with DDD, CQRS and Clean Architecture/006 Apply DDD, CQRS and Clean Architecture patterns in Ordering microservice.srt
  Batch 1/2 (20 blocks)...
  Batch 2/2 (14 blocks)...
  -> done
[supervisor 01:41:15] Threshold (195 done). Committing...
[supervisor 01:41:15] Committed (195/349). Pushing...
[supervisor 01:41:16] Pushed OK.
[4/172] 13 Ordering Microservices with DDD, CQRS and Clean Architecture/007 Domain Driven Design - DDD.srt
  Batch 1/3 (20 blocks)...
  Partial match (19/20 blocks), continuing...
  Batch 2/3 (20 blocks)...
  Partial match (18/20 blocks), continuing...
  Batch 3/3 (5 blocks)...
  -> done
[5/172] 13 Ordering Microservices with DDD, CQRS and Clean Architecture/008 Clean Architecture.srt
  Batch 1/3 (20 blocks)...
  Batch 2/3 (20 blocks)...
  Partial match (18/20 blocks), continuing...
  Batch 3/3 (10 blocks)...
  -> done
[6/172] 13 Ordering Microservices with DDD, CQRS and Clean Architecture/009 Clean Architecture with Domain Driven Design(DDD).srt
  Batch 1/6 (20 blocks)...
  Batch 2/6 (20 blocks)...
  Batch 3/6 (20 blocks)...
  Batch 4/6 (20 blocks)...
  Batch 5/6 (20 blocks)...
  Batch 6/6 (13 blocks)...
  -> done
[supervisor 01:42:27] Threshold (198 done). Committing...
[supervisor 01:42:27] Committed (198/349). Pushing...
[supervisor 01:42:28] Pushed OK.
[7/172] 13 Ordering Microservices with DDD, CQRS and Clean Architecture/010 Code Structure on DDD and Clean Architecture Layers in Ordering Microservices.srt
  Batch 1/2 (20 blocks)...
  Batch 2/2 (9 blocks)...
  -> done
[8/172] 13 Ordering Microservices with DDD, CQRS and Clean Architecture/011 Create Clean Architecture Layers Domain, Application, Infrastructure and API.srt
  Batch 1/2 (20 blocks)...
  Batch 2/2 (19 blocks)...
  -> done
[9/172] 13 Ordering Microservices with DDD, CQRS and Clean Architecture/012 Adding Project References Between Clean Architecture Layers.srt
  Batch 1/3 (20 blocks)...
  Partial match (17/20 blocks), continuing...
  Batch 2/3 (20 blocks)...
  Batch 3/3 (11 blocks)...
  -> done
[supervisor 01:43:00] Threshold (201 done). Committing...
[supervisor 01:43:00] Committed (201/349). Pushing...
[supervisor 01:43:02] Pushed OK.
[10/172] 13 Ordering Microservices with DDD, CQRS and Clean Architecture/013 Adding Dependency Injections Between Clean Architecture Layers.srt
  Batch 1/7 (20 blocks)...
  Batch 2/7 (20 blocks)...
  Batch 3/7 (20 blocks)...
  Batch 4/7 (20 blocks)...
  Partial match (19/20 blocks), continuing...
  Batch 5/7 (20 blocks)...
  Batch 6/7 (20 blocks)...
  Batch 7/7 (16 blocks)...
  -> done
[11/172] 14 Ordering.Domain Layer with Tactical Domain-Driven Design Patterns/001 Tactical Domain-Driven Design Entities, Value Objects, Aggregates, Agg. Roots.srt
  Batch 1/4 (20 blocks)...
  Partial match (19/20 blocks), continuing...
  Batch 2/4 (20 blocks)...
  Batch 3/4 (20 blocks)...
  Batch 4/4 (6 blocks)...
  -> done
[12/172] 14 Ordering.Domain Layer with Tactical Domain-Driven Design Patterns/002 Develop DDD Abstractions (Entity, Aggregate, DomainEvent) in Ordering.Domain.srt
  Batch 1/7 (20 blocks)...
  Batch 2/7 (20 blocks)...
  Partial match (19/20 blocks), continuing...
  Batch 3/7 (20 blocks)...
  Batch 4/7 (20 blocks)...
  Partial match (19/20 blocks), continuing...
  Batch 5/7 (20 blocks)...
  Batch 6/7 (20 blocks)...
  Batch 7/7 (18 blocks)...
  -> done
[supervisor 01:44:27] Threshold (204 done). Committing...
[supervisor 01:44:28] Committed (204/349). Pushing...
[supervisor 01:44:29] Pushed OK.
[13/172] 14 Ordering.Domain Layer with Tactical Domain-Driven Design Patterns/003 Domain Modeling with Tactical DDD for Ordering Microservices.srt
  Batch 1/3 (20 blocks)...
  Batch 2/3 (20 blocks)...
  Batch 3/3 (10 blocks)...
  Unexpected count, retry 1/5 in 2s...
  -> done
[14/172] 14 Ordering.Domain Layer with Tactical Domain-Driven Design Patterns/004 Develop Domain Modeling with DDD for Ordering Microservices.srt
  Batch 1/9 (20 blocks)...
  Partial match (19/20 blocks), continuing...
  Batch 2/9 (20 blocks)...
  Partial match (14/20 blocks), continuing...
  Batch 3/9 (20 blocks)...
  Partial match (19/20 blocks), continuing...
  Batch 4/9 (20 blocks)...
  Batch 5/9 (20 blocks)...
[supervisor 01:57:31] === Supervisor started. Target: 349 ===
[supervisor 01:57:31] --- Run #1 ---
[supervisor 01:57:31] Starting translate.py (205/349 done)...
Total SRT files : 349
Already done    : 190
Remaining       : 159

[1/159] 14 Ordering.Domain Layer with Tactical Domain-Driven Design Patterns/004 Develop Domain Modeling with DDD for Ordering Microservices.srt
  Batch 1/9 (20 blocks)...
  Partial match (19/20 blocks), continuing...
  Batch 2/9 (20 blocks)...
  Batch 3/9 (20 blocks)...
  Partial match (19/20 blocks), continuing...
  Batch 4/9 (20 blocks)...
  Batch 5/9 (20 blocks)...
  Batch 6/9 (20 blocks)...
  Partial match (19/20 blocks), continuing...
  Batch 7/9 (20 blocks)...
  Batch 8/9 (20 blocks)...
  Batch 9/9 (1 blocks)...
  -> done
[2/159] 14 Ordering.Domain Layer with Tactical Domain-Driven Design Patterns/005 Primitive Obsession and Strongly typed IDs in DDD.srt
  Batch 1/2 (20 blocks)...
  Batch 2/2 (17 blocks)...
  -> done
[3/159] 14 Ordering.Domain Layer with Tactical Domain-Driven Design Patterns/006 Develop Strongly typed IDs for Order Entities.srt
  Batch 1/5 (20 blocks)...
  Partial match (19/20 blocks), continuing...
  Batch 2/5 (20 blocks)...
  Batch 3/5 (20 blocks)...
  Partial match (19/20 blocks), continuing...
  Batch 4/5 (20 blocks)...
  Batch 5/5 (7 blocks)...
  -> done
[supervisor 01:58:45] Threshold (208 done). Committing...
[supervisor 01:58:46] Committed (208/349). Pushing...
[supervisor 01:58:47] Pushed OK.
[4/159] 14 Ordering.Domain Layer with Tactical Domain-Driven Design Patterns/007 Anemic-domain vs Rich-domain Model Entities Entities in DDD.srt
  Batch 1/3 (20 blocks)...
  Partial match (18/20 blocks), continuing...
  Batch 2/3 (20 blocks)...
  Batch 3/3 (14 blocks)...
  -> done
[5/159] 14 Ordering.Domain Layer with Tactical Domain-Driven Design Patterns/008 Develop DDD Rich-domain model Entity for Order Entities in Order.Domain Layer.srt
  Batch 1/5 (20 blocks)...
  Batch 2/5 (20 blocks)...
  Batch 3/5 (20 blocks)...
  Batch 4/5 (20 blocks)...
  Batch 5/5 (4 blocks)...
  -> done
[6/159] 14 Ordering.Domain Layer with Tactical Domain-Driven Design Patterns/009 Develop ValueObjects (Address, Payment) DDD Rich-domain model Entity.srt
  Batch 1/6 (20 blocks)...
  Batch 2/6 (20 blocks)...
  Batch 3/6 (20 blocks)...
  Partial match (19/20 blocks), continuing...
  Batch 4/6 (20 blocks)...
  Batch 5/6 (20 blocks)...
  Batch 6/6 (2 blocks)...
  -> done
[supervisor 01:59:47] Threshold (211 done). Committing...
[supervisor 01:59:47] Committed (211/349). Pushing...
[supervisor 01:59:48] Pushed OK.
[7/159] 14 Ordering.Domain Layer with Tactical Domain-Driven Design Patterns/010 Develop DDD Rich-domain model for Order Entities in Order.Domain Layer.srt
  Batch 1/7 (20 blocks)...
  Batch 2/7 (20 blocks)...
  Batch 3/7 (20 blocks)...
  Batch 4/7 (20 blocks)...
  Partial match (19/20 blocks), continuing...
  Batch 5/7 (20 blocks)...
  Batch 6/7 (20 blocks)...
  Batch 7/7 (10 blocks)...
  -> done
[8/159] 14 Ordering.Domain Layer with Tactical Domain-Driven Design Patterns/011 Domain Events in DDD and Domain vs Integration Events.srt
  Batch 1/4 (20 blocks)...
  Batch 2/4 (20 blocks)...
  Partial match (19/20 blocks), continuing...
  Batch 3/4 (20 blocks)...
  Batch 4/4 (19 blocks)...
  -> done
[9/159] 14 Ordering.Domain Layer with Tactical Domain-Driven Design Patterns/012 Develop Order Created and Updated Domain Event in Ordering Microservices.srt
  Batch 1/3 (20 blocks)...
  Batch 2/3 (20 blocks)...
  Batch 3/3 (14 blocks)...
  -> done
[supervisor 02:00:52] Threshold (214 done). Committing...
[supervisor 02:00:52] Committed (214/349). Pushing...
[supervisor 02:00:53] Pushed OK.
[10/159] 15 Ordering.Infrastructure Layer with EF Core Code First and SQL Server/001 Develop Ordering.Infrastructure Layer with EF Core Code First Approach.srt
  Batch 1/3 (20 blocks)...
  Batch 2/3 (20 blocks)...
  Batch 3/3 (1 blocks)...
  -> done
[11/159] 15 Ordering.Infrastructure Layer with EF Core Code First and SQL Server/002 EF Core 8 Features, Code First Approach, Migrations and SQL Server Connection.srt
  Batch 1/2 (20 blocks)...
  Batch 2/2 (20 blocks)...
[supervisor 03:53:25] === Supervisor started. Target: 349 ===
[supervisor 03:53:25] --- Run #1 ---
[supervisor 03:53:25] Starting translate.py (215/349 done)...
Total SRT files : 349
Already done    : 200
Remaining       : 149

[1/149] 15 Ordering.Infrastructure Layer with EF Core Code First and SQL Server/002 EF Core 8 Features, Code First Approach, Migrations and SQL Server Connection.srt
  Batch 1/2 (20 blocks)...
  Batch 2/2 (20 blocks)...
  -> done
[2/149] 15 Ordering.Infrastructure Layer with EF Core Code First and SQL Server/003 Steps of EF Core Developments for Ordering.Infrastructure.srt
  Batch 1/4 (20 blocks)...
  Batch 2/4 (20 blocks)...
  Batch 3/4 (20 blocks)...
  Partial match (19/20 blocks), continuing...
  Batch 4/4 (10 blocks)...
  -> done
[3/149] 15 Ordering.Infrastructure Layer with EF Core Code First and SQL Server/004 Install EF Core Nuget Packages in Ordering.Infrastructure.srt
  Batch 1/2 (20 blocks)...
  Partial match (19/20 blocks), continuing...
  Batch 2/2 (11 blocks)...
  -> done
[supervisor 03:54:01] Threshold (218 done). Committing...
[supervisor 03:54:01] Committed (218/349). Pushing...
[supervisor 03:54:02] Pushed OK.
[4/149] 15 Ordering.Infrastructure Layer with EF Core Code First and SQL Server/005 Develop EF Core DBContext Object for Storing Entities in Ordering.Infrastructure.srt
  Batch 1/4 (20 blocks)...
  Batch 2/4 (20 blocks)...
  Batch 3/4 (20 blocks)...
  Partial match (19/20 blocks), continuing...
  Batch 4/4 (20 blocks)...
  Partial match (19/20 blocks), continuing...
  -> done
[5/149] 15 Ordering.Infrastructure Layer with EF Core Code First and SQL Server/006 Mapping DDD Objects to EF Entities - Develop EF Core Entity Configurations.srt
  Batch 1/5 (20 blocks)...
  Batch 2/5 (20 blocks)...
  Batch 3/5 (20 blocks)...
  Partial match (17/20 blocks), continuing...
  Batch 4/5 (20 blocks)...
  Batch 5/5 (18 blocks)...
  -> done
Reached --max-files 5, exiting.

Finished in 79s. Errors: 0
[supervisor 03:54:45] translate.py exited (code=0). 220/349 done.
[supervisor 03:54:45] Committed (220/349). Pushing...
[supervisor 03:54:47] Pushed OK.
[supervisor 03:54:47] Restarting in 2s...
[supervisor 03:54:49] --- Run #2 ---
[supervisor 03:54:49] Starting translate.py (220/349 done)...
Total SRT files : 349
Already done    : 205
Remaining       : 144

[1/144] 15 Ordering.Infrastructure Layer with EF Core Code First and SQL Server/007 EF Core 8 Relations and DDD ValueObject Mapping with ComplexType and ComplexProp.srt
  Batch 1/2 (20 blocks)...
  Batch 2/2 (15 blocks)...
  -> done
[2/144] 15 Ordering.Infrastructure Layer with EF Core Code First and SQL Server/008 Mapping DDD Objects to EF Entities - Develop Order Entity Configurations.srt
  Batch 1/7 (20 blocks)...
  Partial match (19/20 blocks), continuing...
  Batch 2/7 (20 blocks)...
  Batch 3/7 (20 blocks)...
  Batch 4/7 (20 blocks)...
  Batch 5/7 (20 blocks)...
  Partial match (19/20 blocks), continuing...
  Batch 6/7 (20 blocks)...
  Batch 7/7 (10 blocks)...
  -> done
[3/144] 15 Ordering.Infrastructure Layer with EF Core Code First and SQL Server/009 EF Core SQL Server Connection String in appsettings.json file.srt
  Batch 1/2 (20 blocks)...
  Batch 2/2 (12 blocks)...
  -> done
[supervisor 03:55:37] Threshold (223 done). Committing...
[supervisor 03:55:37] Committed (223/349). Pushing...
[supervisor 03:55:39] Pushed OK.
[4/144] 15 Ordering.Infrastructure Layer with EF Core Code First and SQL Server/010 Register EF Core DbContext in Asp.Net DependencyInjection Tool for SQL Server.srt
  Batch 1/3 (20 blocks)...
  Batch 2/3 (20 blocks)...
  Batch 3/3 (12 blocks)...
  -> done
[5/144] 15 Ordering.Infrastructure Layer with EF Core Code First and SQL Server/011 Create EF Core Migrations for ApplicationDbContext in Ordering.Infrastructure.srt
  Batch 1/4 (20 blocks)...
  Partial match (19/20 blocks), continuing...
  Batch 2/4 (20 blocks)...
  Batch 3/4 (20 blocks)...
  Batch 4/4 (14 blocks)...
  -> done
Reached --max-files 5, exiting.

Finished in 83s. Errors: 0
[supervisor 03:56:12] translate.py exited (code=0). 225/349 done.
[supervisor 03:56:12] Committed (225/349). Pushing...
[supervisor 03:56:13] Pushed OK.
[supervisor 03:56:13] Restarting in 2s...
[supervisor 03:56:15] --- Run #3 ---
[supervisor 03:56:15] Starting translate.py (225/349 done)...
Total SRT files : 349
Already done    : 210
Remaining       : 139

[1/139] 15 Ordering.Infrastructure Layer with EF Core Code First and SQL Server/012 Create EF Core Migrations for ApplicationDbContext in Ordering.Infrastructure -2.srt
  Batch 1/6 (20 blocks)...
  Batch 2/6 (20 blocks)...
  Batch 3/6 (20 blocks)...
  Batch 4/6 (20 blocks)...
  Partial match (18/20 blocks), continuing...
  Batch 5/6 (20 blocks)...
  Partial match (18/20 blocks), continuing...
  Batch 6/6 (11 blocks)...
  -> done
[2/139] 15 Ordering.Infrastructure Layer with EF Core Code First and SQL Server/013 Setup SQL Server DB using Docker-compose file for Multi-container Docker Env.srt
  Batch 1/3 (20 blocks)...
  Batch 2/3 (20 blocks)...
  Batch 3/3 (8 blocks)...
  -> done
[3/139] 15 Ordering.Infrastructure Layer with EF Core Code First and SQL Server/014 Run Docker-Compose on Visual Studio to setup SQL Server DB on Docker.srt
  Batch 1/3 (20 blocks)...
  Partial match (19/20 blocks), continuing...
  Batch 2/3 (20 blocks)...
  Partial match (18/20 blocks), continuing...
  Batch 3/3 (5 blocks)...
  -> done
[supervisor 03:57:09] Threshold (228 done). Committing...
[supervisor 03:57:09] Committed (228/349). Pushing...
[supervisor 03:57:10] Pushed OK.
[4/139] 15 Ordering.Infrastructure Layer with EF Core Code First and SQL Server/015 Apply EF Core Migrations to SQL Server DB with Update-Database Command.srt
  Batch 1/2 (20 blocks)...
  Batch 2/2 (20 blocks)...
  -> done
[5/139] 15 Ordering.Infrastructure Layer with EF Core Code First and SQL Server/016 Auto Migrate EF Core Entities to SQL Server when Application Startup w Coding.srt
  Batch 1/5 (20 blocks)...
[supervisor 04:07:53] === Supervisor started. Target: 349 ===
[supervisor 04:07:53] --- Run #1 ---
[supervisor 04:07:53] Starting translate.py (229/349 done)...
Total SRT files : 349
Already done    : 214
Remaining       : 135

[1/135] 15 Ordering.Infrastructure Layer with EF Core Code First and SQL Server/016 Auto Migrate EF Core Entities to SQL Server when Application Startup w Coding.srt
  Batch 1/5 (20 blocks)...
  Batch 2/5 (20 blocks)...
  Batch 3/5 (20 blocks)...
  Batch 4/5 (20 blocks)...
  Batch 5/5 (6 blocks)...
  -> done
[2/135] 15 Ordering.Infrastructure Layer with EF Core Code First and SQL Server/017 Seed SQL Server OrderDb using EF Core when Application Startup with Coding.srt
  Batch 1/4 (20 blocks)...
  Batch 2/4 (20 blocks)...
  Batch 3/4 (20 blocks)...
  Batch 4/4 (11 blocks)...
  -> done
[3/135] 15 Ordering.Infrastructure Layer with EF Core Code First and SQL Server/018 Seed Product and Orders in SQL Server OrderDb using EF Core when App Startup.srt
  Batch 1/4 (20 blocks)...
  Batch 2/4 (20 blocks)...
  Partial match (17/20 blocks), continuing...
  Batch 3/4 (20 blocks)...
  Batch 4/4 (14 blocks)...
  -> done
[supervisor 04:08:57] Threshold (232 done). Committing...
[supervisor 04:08:57] Committed (232/349). Pushing...
[supervisor 04:08:59] Pushed OK.
[4/135] 15 Ordering.Infrastructure Layer with EF Core Code First and SQL Server/019 Run Order Microservices to Migrate and Seed OrderDb in SQL Server using EF Core.srt
  Batch 1/5 (20 blocks)...
  Batch 2/5 (20 blocks)...
  Batch 3/5 (20 blocks)...
  Batch 4/5 (20 blocks)...
  Batch 5/5 (15 blocks)...
  -> done
[5/135] 15 Ordering.Infrastructure Layer with EF Core Code First and SQL Server/020 EF Core Interceptors SaveChangesInterceptor for Auditing Entities.srt
  Batch 1/2 (20 blocks)...
  Batch 2/2 (20 blocks)...
  -> done
Reached --max-files 5, exiting.

Finished in 96s. Errors: 0
[supervisor 04:09:31] translate.py exited (code=0). 234/349 done.
[supervisor 04:09:31] Committed (234/349). Pushing...
[supervisor 04:09:32] Pushed OK.
[supervisor 04:09:32] Restarting in 2s...
[supervisor 04:09:34] --- Run #2 ---
[supervisor 04:09:34] Starting translate.py (234/349 done)...
Total SRT files : 349
Already done    : 219
Remaining       : 130

[1/130] 15 Ordering.Infrastructure Layer with EF Core Code First and SQL Server/021 Develop SaveChangesInterceptor to Auditing Entities for Order Entities.srt
  Batch 1/6 (20 blocks)...
  Batch 2/6 (20 blocks)...
  Batch 3/6 (20 blocks)...
  Batch 4/6 (20 blocks)...
  Partial match (19/20 blocks), continuing...
  Batch 5/6 (20 blocks)...
  Partial match (17/20 blocks), continuing...
  Batch 6/6 (10 blocks)...
  -> done
[2/130] 15 Ordering.Infrastructure Layer with EF Core Code First and SQL Server/022 Run&Test Order Microservices for Audit with EF Save Changes Interceptor.srt
  Batch 1/4 (20 blocks)...
  Batch 2/4 (20 blocks)...
  Partial match (19/20 blocks), continuing...
  Batch 3/4 (20 blocks)...
  Batch 4/4 (4 blocks)...
  -> done
[3/130] 15 Ordering.Infrastructure Layer with EF Core Code First and SQL Server/023 Dispatch Domain Events w EF Core SaveChangesInterceptor.srt
  Batch 1/3 (20 blocks)...
  Partial match (16/20 blocks), continuing...
  Batch 2/3 (20 blocks)...
  Partial match (18/20 blocks), continuing...
  Batch 3/3 (17 blocks)...
  -> done
[supervisor 04:10:35] Threshold (237 done). Committing...
[supervisor 04:10:35] Committed (237/349). Pushing...
[supervisor 04:10:36] Pushed OK.
[4/130] 15 Ordering.Infrastructure Layer with EF Core Code First and SQL Server/024 Develop DispatchDomainEventsInterceptor to Trigger Domain Event Handlers.srt
  Batch 1/7 (20 blocks)...
  Partial match (14/20 blocks), continuing...
  Batch 2/7 (20 blocks)...
  Batch 3/7 (20 blocks)...
  Batch 4/7 (20 blocks)...
  Batch 5/7 (20 blocks)...
  Batch 6/7 (20 blocks)...
  Batch 7/7 (18 blocks)...
  -> done
[5/130] 15 Ordering.Infrastructure Layer with EF Core Code First and SQL Server/025 Run&Test Order Microservices for Dispatch DomainEvents with EF Save Changes.srt
  Batch 1/4 (20 blocks)...
  Batch 2/4 (20 blocks)...
  Batch 3/4 (20 blocks)...
  Batch 4/4 (16 blocks)...
  -> done
Reached --max-files 5, exiting.

Finished in 123s. Errors: 0
[supervisor 04:11:37] translate.py exited (code=0). 239/349 done.
[supervisor 04:11:37] Committed (239/349). Pushing...
[supervisor 04:11:38] Pushed OK.
[supervisor 04:11:38] Restarting in 2s...
[supervisor 04:11:40] --- Run #3 ---
[supervisor 04:11:40] Starting translate.py (239/349 done)...
Total SRT files : 349
Already done    : 224
Remaining       : 125

[1/125] 16 Ordering.Application Layer with CQRS and MediatR/001 Develop Ordering.Application Layer with CQRS and MediatR implement the Command.srt
  Batch 1/2 (20 blocks)...
  Batch 2/2 (5 blocks)...
  -> done
[2/125] 16 Ordering.Application Layer with CQRS and MediatR/002 CQRS (Command Query Responsibility Segregation) Pattern in Ordering microservice.srt
  Batch 1/2 (20 blocks)...
  Partial match (19/20 blocks), continuing...
  Batch 2/2 (16 blocks)...
  -> done
[3/125] 16 Ordering.Application Layer with CQRS and MediatR/003 Event Sourcing Pattern.srt
  Batch 1/2 (20 blocks)...
  Batch 2/2 (6 blocks)...
  -> done
[supervisor 04:12:10] Threshold (242 done). Committing...
[supervisor 04:12:10] Committed (242/349). Pushing...
[supervisor 04:12:11] Pushed OK.
[4/125] 16 Ordering.Application Layer with CQRS and MediatR/004 CQRS with Event Sourcing Pattern.srt
  Batch 1/2 (20 blocks)...
  Batch 2/2 (9 blocks)...
  -> done
[5/125] 16 Ordering.Application Layer with CQRS and MediatR/005 Eventual Consistency Principle.srt
  Batch 1/2 (20 blocks)...
  Error: "Could not resolve authentication method. Expected either api_key or auth_token to be set. Or for one of the `X-Api-Key` or `Authorization` headers to be explicitly omitted", retry 1/5 in 2s...
[supervisor 04:37:25] === Supervisor started. Target: 349 ===
[supervisor 04:37:25] --- Run #1 ---
[supervisor 04:37:25] Starting translate.py (243/349 done)...
Total SRT files : 349
Already done    : 228
Remaining       : 121

[1/121] 16 Ordering.Application Layer with CQRS and MediatR/005 Eventual Consistency Principle.srt
  Batch 1/2 (20 blocks)...
  Batch 2/2 (9 blocks)...
  -> done
[2/121] 16 Ordering.Application Layer with CQRS and MediatR/006 Analysis of Ordering Microservice Application Layer.srt
  Batch 1/2 (20 blocks)...
  Batch 2/2 (19 blocks)...
  -> done
[3/121] 16 Ordering.Application Layer with CQRS and MediatR/007 Implement CQRS Command and Command Handler Patterns with MediatR.srt
  Batch 1/3 (20 blocks)...
  Batch 2/3 (20 blocks)...
  Batch 3/3 (19 blocks)...
  -> done
[supervisor 04:38:01] Threshold (246 done). Committing...
[supervisor 04:38:01] Committed (246/349). Pushing...
[supervisor 04:38:02] Pushed OK.
[4/121] 16 Ordering.Application Layer with CQRS and MediatR/008 Develop Ordering.Application Folder Structure for CQRS.srt
  Batch 1/3 (20 blocks)...
  Batch 2/3 (20 blocks)...
  Batch 3/3 (1 blocks)...
  -> done
[5/121] 16 Ordering.Application Layer with CQRS and MediatR/009 Develop Dto Classes for Orders in Ordering.Application Layer.srt
  Batch 1/4 (20 blocks)...
  Batch 2/4 (20 blocks)...
  Batch 3/4 (20 blocks)...
  Batch 4/4 (6 blocks)...
  -> done
Reached --max-files 5, exiting.

Finished in 64s. Errors: 0
[supervisor 04:38:31] translate.py exited (code=0). 248/349 done.
[supervisor 04:38:31] Committed (248/349). Pushing...
[supervisor 04:38:32] Pushed OK.
[supervisor 04:38:32] Restarting in 2s...
[supervisor 04:38:34] --- Run #2 ---
[supervisor 04:38:34] Starting translate.py (248/349 done)...
Total SRT files : 349
Already done    : 233
Remaining       : 116

[1/116] 16 Ordering.Application Layer with CQRS and MediatR/010 Develop Orders CreateOrderCommand and Handler in Ordering.Application Layer.srt
  Batch 1/5 (20 blocks)...
  Batch 2/5 (20 blocks)...
  Batch 3/5 (20 blocks)...
  Batch 4/5 (20 blocks)...
  Batch 5/5 (19 blocks)...
  -> done
[2/116] 16 Ordering.Application Layer with CQRS and MediatR/011 Develop IApplicationDbContext for injection EFCore DB Context object in Ordering.srt
  Batch 1/5 (20 blocks)...
  Batch 2/5 (20 blocks)...
  Batch 3/5 (20 blocks)...
  Batch 4/5 (20 blocks)...
  Batch 5/5 (19 blocks)...
  -> done
[3/116] 16 Ordering.Application Layer with CQRS and MediatR/012 Develop Orders CreateOrderCommandHandler using IApplicationDbContext in Ordering.srt
  Batch 1/5 (20 blocks)...
  Batch 2/5 (20 blocks)...
  Batch 3/5 (20 blocks)...
  Batch 4/5 (20 blocks)...
  Batch 5/5 (4 blocks)...
  -> done
[supervisor 04:39:54] Threshold (251 done). Committing...
[supervisor 04:39:54] Committed (251/349). Pushing...
[supervisor 04:39:55] Pushed OK.
[4/116] 16 Ordering.Application Layer with CQRS and MediatR/013 Develop Orders UpdateOrderCommand and Handler using IApplicationDbContext.srt
  Batch 1/7 (20 blocks)...
  Batch 2/7 (20 blocks)...
  Batch 3/7 (20 blocks)...
  Batch 4/7 (20 blocks)...
  Batch 5/7 (20 blocks)...
  Partial match (19/20 blocks), continuing...
  Batch 6/7 (20 blocks)...
  Batch 7/7 (2 blocks)...
  -> done
[5/116] 16 Ordering.Application Layer with CQRS and MediatR/014 Develop Orders DeleteOrderCommand and Handler using IApplicationDbContext.srt
  Batch 1/5 (20 blocks)...
  Batch 2/5 (20 blocks)...
  Batch 3/5 (20 blocks)...
  Batch 4/5 (20 blocks)...
  Batch 5/5 (11 blocks)...
  -> done
Reached --max-files 5, exiting.

Finished in 142s. Errors: 0
[supervisor 04:40:57] translate.py exited (code=0). 253/349 done.
[supervisor 04:40:57] Committed (253/349). Pushing...
[supervisor 04:40:59] Pushed OK.
[supervisor 04:40:59] Restarting in 2s...
[supervisor 04:41:01] --- Run #3 ---
[supervisor 04:41:01] Starting translate.py (253/349 done)...
Total SRT files : 349
Already done    : 238
Remaining       : 111

[1/111] 16 Ordering.Application Layer with CQRS and MediatR/015 Develop MediatR Pipeline Behaviours (Validation, Logging) in Ordering.App.srt
  Batch 1/4 (20 blocks)...
  Batch 2/4 (20 blocks)...
  Batch 3/4 (20 blocks)...
  Batch 4/4 (1 blocks)...
  -> done
[2/111] 16 Ordering.Application Layer with CQRS and MediatR/016 Develop Domain Event Handlers with MediatR INotificationHandler in Ordering.App.srt
  Batch 1/5 (20 blocks)...
  Batch 2/5 (20 blocks)...
  Batch 3/5 (20 blocks)...
  Partial match (14/20 blocks), continuing...
  Batch 4/5 (20 blocks)...
  Batch 5/5 (8 blocks)...
  -> done
[3/111] 16 Ordering.Application Layer with CQRS and MediatR/017 Develop Domain Event Handlers with MediatR INotificationHandler in Ordering.App.srt
  Batch 1/4 (20 blocks)...
  Partial match (19/20 blocks), continuing...
  Batch 2/4 (20 blocks)...
  Partial match (19/20 blocks), continuing...
  Batch 3/4 (20 blocks)...
  Batch 4/4 (3 blocks)...
  -> done
[supervisor 04:41:52] Threshold (256 done). Committing...
[supervisor 04:41:52] Committed (256/349). Pushing...
[supervisor 04:41:54] Pushed OK.
[4/111] 16 Ordering.Application Layer with CQRS and MediatR/018 Develop Order Queries with CQRS and MediatR in Ordering.Application Layer.srt
  Batch 1/7 (20 blocks)...
  Batch 2/7 (20 blocks)...
  Batch 3/7 (20 blocks)...
  Batch 4/7 (20 blocks)...
  Batch 5/7 (20 blocks)...
  Batch 6/7 (20 blocks)...
[supervisor 06:28:20] === Supervisor started. Target: 349 ===
[supervisor 06:28:20] --- Run #1 ---
[supervisor 06:28:20] Starting translate.py (258/349 done)...
Total SRT files : 349
Already done    : 243
Remaining       : 106

[1/106] 16 Ordering.Application Layer with CQRS and MediatR/020 Develop GetOrdersByCustomer Queries w CQRS and MediatR in Ordering.Application.srt
  Batch 1/4 (20 blocks)...
  Partial match (19/20 blocks), continuing...
  Batch 2/4 (20 blocks)...
  Batch 3/4 (20 blocks)...
  Batch 4/4 (1 blocks)...
  -> done
[2/106] 16 Ordering.Application Layer with CQRS and MediatR/021 Develop Pagination Class for Query GetOrders using CQRS and MediatR.srt
  Batch 1/3 (20 blocks)...
  Partial match (13/20 blocks), continuing...
  Batch 2/3 (20 blocks)...
  Partial match (18/20 blocks), continuing...
  Batch 3/3 (12 blocks)...
  -> done
[3/106] 16 Ordering.Application Layer with CQRS and MediatR/022 Develop GetOrders Query apply Pagination using CQRS and MediatR in Ordering.App.srt
  Batch 1/5 (20 blocks)...
  Batch 2/5 (20 blocks)...
  Partial match (19/20 blocks), continuing...
  Batch 3/5 (20 blocks)...
  Batch 4/5 (20 blocks)...
  Batch 5/5 (5 blocks)...
  -> done
[supervisor 06:29:16] Threshold (261 done). Committing...
[supervisor 06:29:16] Committed (261/349). Pushing...
[supervisor 06:29:18] Pushed OK.
[4/106] 17 Ordering.API Layer Exposing Minimal Api Endpoints with Carter and REPR Pattern/001 Develop Ordering.API Layer with Exposing Minimal REST APIs w Carter.srt
  Batch 1/3 (20 blocks)...
  Batch 2/3 (20 blocks)...
  Batch 3/3 (14 blocks)...
  -> done
[5/106] 17 Ordering.API Layer Exposing Minimal Api Endpoints with Carter and REPR Pattern/002 Analysis the Ordering.API layer in Clean Architecture.srt
  Batch 1/2 (20 blocks)...
  Partial match (16/20 blocks), continuing...
  Batch 2/2 (10 blocks)...
  -> done
Reached --max-files 5, exiting.

Finished in 78s. Errors: 0
[supervisor 06:29:40] translate.py exited (code=0). 263/349 done.
[supervisor 06:29:40] Committed (263/349). Pushing...
[supervisor 06:29:41] Pushed OK.
[supervisor 06:29:41] Restarting in 2s...
[supervisor 06:29:43] --- Run #2 ---
[supervisor 06:29:43] Starting translate.py (263/349 done)...
Total SRT files : 349
Already done    : 248
Remaining       : 101

[1/101] 17 Ordering.API Layer Exposing Minimal Api Endpoints with Carter and REPR Pattern/003 Program.cs and Dependency Injection class in Ordering.API Layer.srt
  Batch 1/3 (20 blocks)...
  Batch 2/3 (20 blocks)...
  Partial match (13/20 blocks), continuing...
  Batch 3/3 (3 blocks)...
  -> done
[2/101] 17 Ordering.API Layer Exposing Minimal Api Endpoints with Carter and REPR Pattern/004 Developing Order Endpoints for REST APIs in Ordering.API Layer.srt
  Batch 1/5 (20 blocks)...
  Batch 2/5 (20 blocks)...
  Batch 3/5 (20 blocks)...
  Batch 4/5 (20 blocks)...
  Batch 5/5 (2 blocks)...
  -> done
[3/101] 17 Ordering.API Layer Exposing Minimal Api Endpoints with Carter and REPR Pattern/005 Developing CreateOrder Endpoint for REST APIs in Ordering.API Layer.srt
  Batch 1/5 (20 blocks)...
  Batch 2/5 (20 blocks)...
  Batch 3/5 (20 blocks)...
  Partial match (19/20 blocks), continuing...
  Batch 4/5 (20 blocks)...
  Batch 5/5 (16 blocks)...
  -> done
[supervisor 06:30:48] Threshold (266 done). Committing...
[supervisor 06:30:48] Committed (266/349). Pushing...
[supervisor 06:30:49] Pushed OK.
[4/101] 17 Ordering.API Layer Exposing Minimal Api Endpoints with Carter and REPR Pattern/006 Developing UpdateOrder Endpoint for REST APIs in Ordering.API Layer.srt
  Batch 1/3 (20 blocks)...
  Batch 2/3 (20 blocks)...
  Batch 3/3 (4 blocks)...
  -> done
[5/101] 17 Ordering.API Layer Exposing Minimal Api Endpoints with Carter and REPR Pattern/007 Developing DeleteOrder Endpoint for REST APIs in Ordering.API Layer.srt
  Batch 1/3 (20 blocks)...
  Partial match (19/20 blocks), continuing...
  Batch 2/3 (20 blocks)...
  Batch 3/3 (2 blocks)...
  -> done
Reached --max-files 5, exiting.

Finished in 87s. Errors: 0
[supervisor 06:31:11] translate.py exited (code=0). 268/349 done.
[supervisor 06:31:11] Committed (268/349). Pushing...
[supervisor 06:31:12] Pushed OK.
[supervisor 06:31:12] Restarting in 2s...
[supervisor 06:31:14] --- Run #3 ---
[supervisor 06:31:14] Starting translate.py (268/349 done)...
Total SRT files : 349
Already done    : 253
Remaining       : 96

[1/96] 17 Ordering.API Layer Exposing Minimal Api Endpoints with Carter and REPR Pattern/008 Developing GetOrdersByName Endpoint for REST APIs in Ordering.API Layer.srt
  Batch 1/2 (20 blocks)...
  Partial match (17/20 blocks), continuing...
  Batch 2/2 (18 blocks)...
  -> done
[2/96] 17 Ordering.API Layer Exposing Minimal Api Endpoints with Carter and REPR Pattern/009 Developing GetOrdersByCustomer Endpoint for REST APIs in Ordering.API Layer.srt
  Batch 1/2 (20 blocks)...
  Batch 2/2 (18 blocks)...
  -> done
[3/96] 17 Ordering.API Layer Exposing Minimal Api Endpoints with Carter and REPR Pattern/010 Developing GetOrders Endpoint w Pagination for REST APIs in Ordering.API Layer.srt
  Batch 1/4 (20 blocks)...
  Batch 2/4 (20 blocks)...
  Batch 3/4 (20 blocks)...
  Batch 4/4 (5 blocks)...
  -> done
[supervisor 06:31:49] Threshold (271 done). Committing...
[supervisor 06:31:49] Committed (271/349). Pushing...
[supervisor 06:31:50] Pushed OK.
[4/96] 17 Ordering.API Layer Exposing Minimal Api Endpoints with Carter and REPR Pattern/011 Testing Ordering.API Endpoints with CQRS and Clean Architecture Layers.srt
  Batch 1/5 (20 blocks)...
  Batch 2/5 (20 blocks)...
  Batch 3/5 (20 blocks)...
  Batch 4/5 (20 blocks)...
  Batch 5/5 (10 blocks)...
  -> done
[5/96] 17 Ordering.API Layer Exposing Minimal Api Endpoints with Carter and REPR Pattern/012 Test Create Order Endpoint with CQRS and Clean Architecture Layers in Ordering.srt
  Batch 1/9 (20 blocks)...
  Batch 2/9 (20 blocks)...
  Batch 3/9 (20 blocks)...
  Batch 4/9 (20 blocks)...
  Batch 5/9 (20 blocks)...
  Partial match (18/20 blocks), continuing...
  Batch 6/9 (20 blocks)...
  Batch 7/9 (20 blocks)...
  Batch 8/9 (20 blocks)...
  Batch 9/9 (18 blocks)...
  -> done
Reached --max-files 5, exiting.

Finished in 99s. Errors: 0
[supervisor 06:32:54] translate.py exited (code=0). 273/349 done.
[supervisor 06:32:54] Committed (273/349). Pushing...
[supervisor 06:32:56] Pushed OK.
[supervisor 06:32:56] Restarting in 2s...
[supervisor 06:32:58] --- Run #4 ---
[supervisor 06:32:58] Starting translate.py (273/349 done)...
Total SRT files : 349
Already done    : 258
Remaining       : 91

[1/91] 17 Ordering.API Layer Exposing Minimal Api Endpoints with Carter and REPR Pattern/013 Test Update Order Endpoint with CQRS and Clean Architecture Layers in Ordering.srt
  Batch 1/5 (20 blocks)...
  Batch 2/5 (20 blocks)...
  Batch 3/5 (20 blocks)...
  Batch 4/5 (20 blocks)...
  Batch 5/5 (11 blocks)...
  -> done
[2/91] 17 Ordering.API Layer Exposing Minimal Api Endpoints with Carter and REPR Pattern/014 Test Get Order Endpoints with CQRS and Clean Architecture Layers in Ordering.srt
  Batch 1/9 (20 blocks)...
  Batch 2/9 (20 blocks)...
  Batch 3/9 (20 blocks)...
  Batch 4/9 (20 blocks)...
  Batch 5/9 (20 blocks)...
  Batch 6/9 (20 blocks)...
  Batch 7/9 (20 blocks)...
  Batch 8/9 (20 blocks)...
  Batch 9/9 (1 blocks)...
  -> done
[3/91] 17 Ordering.API Layer Exposing Minimal Api Endpoints with Carter and REPR Pattern/015 Test Delete Order Endpoint with CQRS and Clean Architecture Layers in Ordering.srt
  Batch 1/2 (20 blocks)...
  Batch 2/2 (17 blocks)...
  -> done
[supervisor 06:34:14] Threshold (276 done). Committing...
[supervisor 06:34:14] Committed (276/349). Pushing...
[supervisor 06:34:15] Pushed OK.
[4/91] 17 Ordering.API Layer Exposing Minimal Api Endpoints with Carter and REPR Pattern/016 Cross-Cutting Concerns Custom Exception Handler in Ordering Microservice.srt
  Batch 1/4 (20 blocks)...
  Batch 2/4 (20 blocks)...
  Batch 3/4 (20 blocks)...
  Batch 4/4 (2 blocks)...
  -> done
[5/91] 17 Ordering.API Layer Exposing Minimal Api Endpoints with Carter and REPR Pattern/017 Health Checks for Ordering Microservices with EF.Core and SQL Server.srt
  Batch 1/5 (20 blocks)...
  Batch 2/5 (20 blocks)...
  Batch 3/5 (20 blocks)...
  Batch 4/5 (20 blocks)...
  Partial match (19/20 blocks), continuing...
  Batch 5/5 (16 blocks)...
  -> done
Reached --max-files 5, exiting.

Finished in 116s. Errors: 0
[supervisor 06:34:54] translate.py exited (code=0). 278/349 done.
[supervisor 06:34:54] Committed (278/349). Pushing...
[supervisor 06:34:55] Pushed OK.
[supervisor 06:34:55] Restarting in 2s...
[supervisor 06:34:57] --- Run #5 ---
[supervisor 06:34:57] Starting translate.py (278/349 done)...
Total SRT files : 349
Already done    : 263
Remaining       : 86

[1/86] 18 Microservices Async Communication w RabbitMQ & MassTransit for Checkout Order/001 Introduction - Microservices Async Communication w RabbitMQ & MassTransit.srt
  Batch 1/3 (20 blocks)...
  Error: "Could not resolve authentication method. Expected either api_key or auth_token to be set. Or for one of the `X-Api-Key` or `Authorization` headers to be explicitly omitted", retry 1/5 in 2s...
[supervisor 07:00:12] === Supervisor started. Target: 349 ===
[supervisor 07:00:12] --- Run #1 ---
[supervisor 07:00:12] Starting translate.py (278/349 done)...
Total SRT files : 349
Already done    : 263
Remaining       : 86

[1/86] 18 Microservices Async Communication w RabbitMQ & MassTransit for Checkout Order/001 Introduction - Microservices Async Communication w RabbitMQ & MassTransit.srt
  Batch 1/3 (20 blocks)...
  Batch 2/3 (20 blocks)...
  Batch 3/3 (2 blocks)...
  -> done
[2/86] 18 Microservices Async Communication w RabbitMQ & MassTransit for Checkout Order/002 Microservices Asynchronous Communication.srt
  Batch 1/3 (20 blocks)...
  Batch 2/3 (20 blocks)...
  Batch 3/3 (3 blocks)...
  -> done
[3/86] 18 Microservices Async Communication w RabbitMQ & MassTransit for Checkout Order/003 Benefits of Asynchronous Communication.srt
  Batch 1/2 (20 blocks)...
  Batch 2/2 (7 blocks)...
  -> done
[supervisor 07:00:43] Threshold (281 done). Committing...
[supervisor 07:00:43] Committed (281/349). Pushing...
[supervisor 07:00:45] Pushed OK.
[4/86] 18 Microservices Async Communication w RabbitMQ & MassTransit for Checkout Order/004 Challenges of Asynchronous Communication.srt
  Batch 1/1 (20 blocks)...
  Partial match (19/20 blocks), continuing...
  -> done
[5/86] 18 Microservices Async Communication w RabbitMQ & MassTransit for Checkout Order/005 Fan-Out PublishSubscribe Messaging Pattern.srt
  Batch 1/2 (20 blocks)...
  Batch 2/2 (14 blocks)...
  -> done
Reached --max-files 5, exiting.

Finished in 44s. Errors: 0
[supervisor 07:00:58] translate.py exited (code=0). 283/349 done.
[supervisor 07:00:58] Committed (283/349). Pushing...
[supervisor 07:01:00] Pushed OK.
[supervisor 07:01:00] Restarting in 2s...
[supervisor 07:01:02] --- Run #2 ---
[supervisor 07:01:02] Starting translate.py (283/349 done)...
Total SRT files : 349
Already done    : 268
Remaining       : 81

[1/81] 18 Microservices Async Communication w RabbitMQ & MassTransit for Checkout Order/006 Event-Driven Microservices Architecture.srt
  Batch 1/2 (20 blocks)...
  Batch 2/2 (7 blocks)...
  -> done
[2/81] 18 Microservices Async Communication w RabbitMQ & MassTransit for Checkout Order/007 What is RabbitMQ and Main Components of RabbitMQ (Producer, Queue, Consumer..).srt
  Batch 1/3 (20 blocks)...
  Partial match (19/20 blocks), continuing...
  Batch 2/3 (20 blocks)...
  Batch 3/3 (6 blocks)...
  -> done
[3/81] 18 Microservices Async Communication w RabbitMQ & MassTransit for Checkout Order/008 RabbitMQ Exchange Types Direct, Fanout, Topic, and Headers.srt
  Batch 1/2 (20 blocks)...
  Batch 2/2 (6 blocks)...
  -> done
[supervisor 07:01:26] Threshold (286 done). Committing...
[supervisor 07:01:26] Committed (286/349). Pushing...
[supervisor 07:01:28] Pushed OK.
[4/81] 18 Microservices Async Communication w RabbitMQ & MassTransit for Checkout Order/009 Domain Analysis of Async Communication between Basket and Ordering Microservices.srt
  Batch 1/3 (20 blocks)...
  Batch 2/3 (20 blocks)...
  Batch 3/3 (9 blocks)...
  -> done
[5/81] 18 Microservices Async Communication w RabbitMQ & MassTransit for Checkout Order/010 Technical Analysis of Async Communication between Basket and Ordering ms.srt
  Batch 1/4 (20 blocks)...
  Batch 2/4 (20 blocks)...
  Batch 3/4 (20 blocks)...
  Partial match (18/20 blocks), continuing...
  Batch 4/4 (12 blocks)...
  -> done
Reached --max-files 5, exiting.

Finished in 56s. Errors: 0
[supervisor 07:01:58] translate.py exited (code=0). 288/349 done.
[supervisor 07:01:58] Committed (288/349). Pushing...
[supervisor 07:02:00] Pushed OK.
[supervisor 07:02:00] Restarting in 2s...
[supervisor 07:02:02] --- Run #3 ---
[supervisor 07:02:02] Starting translate.py (288/349 done)...
Total SRT files : 349
Already done    : 273
Remaining       : 76

[1/76] 18 Microservices Async Communication w RabbitMQ & MassTransit for Checkout Order/011 Steps of Developing Async Communication between Basket and Ordering Microservice.srt
  Batch 1/2 (20 blocks)...
  Batch 2/2 (5 blocks)...
  -> done
[2/76] 18 Microservices Async Communication w RabbitMQ & MassTransit for Checkout Order/012 Create BuildingBlocks.Messaging Shared Class Library for Common Async connection.srt
  Batch 1/2 (20 blocks)...
  Batch 2/2 (17 blocks)...
  -> done
[3/76] 18 Microservices Async Communication w RabbitMQ & MassTransit for Checkout Order/013 Develop BasketCheckout Event in BuildingBlocks.Messaging Shared Class Library.srt
  Batch 1/3 (20 blocks)...
  Batch 2/3 (20 blocks)...
  Batch 3/3 (8 blocks)...
  -> done
[supervisor 07:02:28] Threshold (291 done). Committing...
[supervisor 07:02:28] Committed (291/349). Pushing...
[supervisor 07:02:30] Pushed OK.
[4/76] 18 Microservices Async Communication w RabbitMQ & MassTransit for Checkout Order/014 Develop MassTransit Extention Methods to Register RabbitMQ connection into DI.srt
  Batch 1/4 (20 blocks)...
  Batch 2/4 (20 blocks)...
  Batch 3/4 (20 blocks)...
  Partial match (17/20 blocks), continuing...
  Batch 4/4 (6 blocks)...
  -> done
[5/76] 18 Microservices Async Communication w RabbitMQ & MassTransit for Checkout Order/015 Develop MassTransit Extention Methods to Register RabbitMQ connection into DI -2.srt
  Batch 1/3 (20 blocks)...
  Batch 2/3 (20 blocks)...
  Batch 3/3 (12 blocks)...
  -> done
Reached --max-files 5, exiting.

Finished in 59s. Errors: 0
[supervisor 07:03:01] translate.py exited (code=0). 293/349 done.
[supervisor 07:03:01] Committed (293/349). Pushing...
[supervisor 07:03:03] Pushed OK.
[supervisor 07:03:03] Restarting in 2s...
[supervisor 07:03:05] --- Run #4 ---
[supervisor 07:03:05] Starting translate.py (293/349 done)...
Total SRT files : 349
Already done    : 278
Remaining       : 71

[1/71] 18 Microservices Async Communication w RabbitMQ & MassTransit for Checkout Order/016 Publish BasketCheckout Event from Basket Microservices.srt
  Batch 1/4 (20 blocks)...
  Batch 2/4 (20 blocks)...
  Batch 3/4 (20 blocks)...
  Batch 4/4 (12 blocks)...
  -> done
[2/71] 18 Microservices Async Communication w RabbitMQ & MassTransit for Checkout Order/017 Develop BasketCheckout Feature Folder to Expose POST Endpoint and Publish Event.srt
  Batch 1/5 (20 blocks)...
  Batch 2/5 (20 blocks)...
  Batch 3/5 (20 blocks)...
  Batch 4/5 (20 blocks)...
  Batch 5/5 (16 blocks)...
  -> done
[3/71] 18 Microservices Async Communication w RabbitMQ & MassTransit for Checkout Order/018 Develop Basket Checkout Handler Method to Publish event to RabbitMQ-MassTransit.srt
  Batch 1/7 (20 blocks)...
  Batch 2/7 (20 blocks)...
  Batch 3/7 (20 blocks)...
  Batch 4/7 (20 blocks)...
  Batch 5/7 (20 blocks)...
  Batch 6/7 (20 blocks)...
  Batch 7/7 (11 blocks)...
  -> done
[supervisor 07:04:19] Threshold (296 done). Committing...
[supervisor 07:04:19] Committed (296/349). Pushing...
[supervisor 07:04:21] Pushed OK.
[4/71] 18 Microservices Async Communication w RabbitMQ & MassTransit for Checkout Order/019 Dual-write Problem and Outbox Pattern.srt
  Batch 1/4 (20 blocks)...
  Batch 2/4 (20 blocks)...
  Batch 3/4 (20 blocks)...
  Partial match (19/20 blocks), continuing...
  Batch 4/4 (2 blocks)...
  -> done
[5/71] 18 Microservices Async Communication w RabbitMQ & MassTransit for Checkout Order/020 Ordering Microservices to Subscribe-Consume BasketCheckout event from RabbitMQ.srt
  Batch 1/3 (20 blocks)...
  Batch 2/3 (20 blocks)...
  Partial match (19/20 blocks), continuing...
  Batch 3/3 (20 blocks)...
[supervisor 07:07:42] === Supervisor started. Target: 349 ===
[supervisor 07:07:42] --- Run #1 ---
[supervisor 07:07:42] Starting translate.py (297/349 done)...
Total SRT files : 349
Already done    : 282
Remaining       : 67

[1/67] 18 Microservices Async Communication w RabbitMQ & MassTransit for Checkout Order/020 Ordering Microservices to Subscribe-Consume BasketCheckout event from RabbitMQ.srt
  Batch 1/3 (20 blocks)...
  Batch 2/3 (20 blocks)...
  Partial match (19/20 blocks), continuing...
  Batch 3/3 (20 blocks)...
  -> done
[2/67] 18 Microservices Async Communication w RabbitMQ & MassTransit for Checkout Order/021 Register MassTransit RabbitMQ packages into Ordering.Application DI.srt
  Batch 1/3 (20 blocks)...
  Batch 2/3 (20 blocks)...
  Batch 3/3 (18 blocks)...
  -> done
[3/67] 18 Microservices Async Communication w RabbitMQ & MassTransit for Checkout Order/022 OrderCreated Integration Event How Domain Event leads to Integration Event.srt
  Batch 1/4 (20 blocks)...
  Batch 2/4 (20 blocks)...
  Batch 3/4 (20 blocks)...
  Batch 4/4 (3 blocks)...
  -> done
[supervisor 07:08:27] Threshold (300 done). Committing...
[supervisor 07:08:27] Committed (300/349). Pushing...
[supervisor 07:08:29] Pushed OK.
[4/67] 18 Microservices Async Communication w RabbitMQ & MassTransit for Checkout Order/023 Develop Basket Checkout Event Consumer integration event handler class.srt
  Batch 1/3 (20 blocks)...
  Batch 2/3 (20 blocks)...
  Batch 3/3 (16 blocks)...
  -> done
[5/67] 18 Microservices Async Communication w RabbitMQ & MassTransit for Checkout Order/024 Develop Basket Checkout Event Consumer integration event handler class - 2.srt
  Batch 1/6 (20 blocks)...
  Batch 2/6 (20 blocks)...
  Batch 3/6 (20 blocks)...
  Batch 4/6 (20 blocks)...
  Batch 5/6 (20 blocks)...
  Batch 6/6 (13 blocks)...
  -> done
Reached --max-files 5, exiting.

Finished in 84s. Errors: 0
[supervisor 07:09:07] translate.py exited (code=0). 302/349 done.
[supervisor 07:09:07] Committed (302/349). Pushing...
[supervisor 07:09:09] Pushed OK.
[supervisor 07:09:09] Restarting in 2s...
[supervisor 07:09:11] --- Run #2 ---
[supervisor 07:09:11] Starting translate.py (302/349 done)...
Total SRT files : 349
Already done    : 287
Remaining       : 62

[1/62] 18 Microservices Async Communication w RabbitMQ & MassTransit for Checkout Order/025 Saga Pattern for Distributed Transactions.srt
  Batch 1/3 (20 blocks)...
  Batch 2/3 (20 blocks)...
  Batch 3/3 (14 blocks)...
  -> done
[2/62] 18 Microservices Async Communication w RabbitMQ & MassTransit for Checkout Order/026 Publish OrderCreated Integration event for Order Fullfiment microservices.srt
  Batch 1/6 (20 blocks)...
  Batch 2/6 (20 blocks)...
  Batch 3/6 (20 blocks)...
  Batch 4/6 (20 blocks)...
  Batch 5/6 (20 blocks)...
  Batch 6/6 (4 blocks)...
  -> done
[3/62] 18 Microservices Async Communication w RabbitMQ & MassTransit for Checkout Order/027 Aspnet Feature Management Develop Feature Flag for OrderCreated Event.srt
  Batch 1/6 (20 blocks)...
  Batch 2/6 (20 blocks)...
  Batch 3/6 (20 blocks)...
  Batch 4/6 (20 blocks)...
  Batch 5/6 (20 blocks)...
  Batch 6/6 (3 blocks)...
  -> done
[supervisor 07:10:11] Threshold (305 done). Committing...
[supervisor 07:10:12] Committed (305/349). Pushing...
[supervisor 07:10:13] Pushed OK.
[4/62] 18 Microservices Async Communication w RabbitMQ & MassTransit for Checkout Order/028 Setup RabbitMQ for Async Communication using Docker-compose file.srt
  Batch 1/4 (20 blocks)...
  Batch 2/4 (20 blocks)...
  Batch 3/4 (20 blocks)...
  Batch 4/4 (19 blocks)...
  -> done
[5/62] 18 Microservices Async Communication w RabbitMQ & MassTransit for Checkout Order/029 Run Docker-Compose on Visual Studio to setup RabbitMQ on Docker.srt
  Batch 1/3 (20 blocks)...
  Partial match (19/20 blocks), continuing...
  Batch 2/3 (20 blocks)...
  Batch 3/3 (20 blocks)...
  -> done
Reached --max-files 5, exiting.

Finished in 96s. Errors: 0
[supervisor 07:10:48] translate.py exited (code=0). 307/349 done.
[supervisor 07:10:48] Committed (307/349). Pushing...
[supervisor 07:10:49] Pushed OK.
[supervisor 07:10:49] Restarting in 2s...
[supervisor 07:10:51] --- Run #3 ---
[supervisor 07:10:51] Starting translate.py (307/349 done)...
Total SRT files : 349
Already done    : 292
Remaining       : 57

[1/57] 18 Microservices Async Communication w RabbitMQ & MassTransit for Checkout Order/030 TEST- Publish BasketCheckout Event in Basket.API Microservices.srt
  Batch 1/11 (20 blocks)...
  Partial match (19/20 blocks), continuing...
  Batch 2/11 (20 blocks)...
  Batch 3/11 (20 blocks)...
  Partial match (19/20 blocks), continuing...
  Batch 4/11 (20 blocks)...
  Batch 5/11 (20 blocks)...
  Partial match (19/20 blocks), continuing...
  Batch 6/11 (20 blocks)...
  Batch 7/11 (20 blocks)...
  Batch 8/11 (20 blocks)...
  Batch 9/11 (20 blocks)...
  Batch 10/11 (20 blocks)...
  Batch 11/11 (4 blocks)...
  -> done
[2/57] 18 Microservices Async Communication w RabbitMQ & MassTransit for Checkout Order/031 TEST- SubscribeConsume BasketCheckout Event in Ordering.API Microservices.srt
  Batch 1/13 (20 blocks)...
  Batch 2/13 (20 blocks)...
  Batch 3/13 (20 blocks)...
  Batch 4/13 (20 blocks)...
[supervisor 07:14:26] === Supervisor started. Target: 349 ===
[supervisor 07:14:26] --- Run #1 ---
[supervisor 07:14:26] Starting translate.py (308/349 done)...
Total SRT files : 349
Already done    : 293
Remaining       : 56

[1/56] 18 Microservices Async Communication w RabbitMQ & MassTransit for Checkout Order/031 TEST- SubscribeConsume BasketCheckout Event in Ordering.API Microservices.srt
  Batch 1/13 (20 blocks)...
  Batch 2/13 (20 blocks)...
  Batch 3/13 (20 blocks)...
  Batch 4/13 (20 blocks)...
  Batch 5/13 (20 blocks)...
  Batch 6/13 (20 blocks)...
  Batch 7/13 (20 blocks)...
  Batch 8/13 (20 blocks)...
  Batch 9/13 (20 blocks)...
  Batch 10/13 (20 blocks)...
  Batch 11/13 (20 blocks)...
  Batch 12/13 (20 blocks)...
  Batch 13/13 (10 blocks)...
  -> done
[2/56] 18 Microservices Async Communication w RabbitMQ & MassTransit for Checkout Order/032 TEST- Set OrderFullfilment feature = false. Re-Test Publish - SubscribeConsume.srt
  Batch 1/3 (20 blocks)...
  Batch 2/3 (20 blocks)...
  Batch 3/3 (9 blocks)...
  -> done
[3/56] 18 Microservices Async Communication w RabbitMQ & MassTransit for Checkout Order/033 Containerize and Configure Basket, Ordering and RabbitMQ Containers.srt
  Batch 1/4 (20 blocks)...
  Batch 2/4 (20 blocks)...
  Batch 3/4 (20 blocks)...
  Batch 4/4 (8 blocks)...
  -> done
[supervisor 07:16:04] Threshold (311 done). Committing...
[supervisor 07:16:04] Committed (311/349). Pushing...
[supervisor 07:16:05] Pushed OK.
[4/56] 18 Microservices Async Communication w RabbitMQ & MassTransit for Checkout Order/034 Containerize and Orchestrate Ordering microservices with Docker & Docker-Compose.srt
  Batch 1/5 (20 blocks)...
  Batch 2/5 (20 blocks)...
  Batch 3/5 (20 blocks)...
  Batch 4/5 (20 blocks)...
  Batch 5/5 (18 blocks)...
  Partial match (15/18 blocks), continuing...
  -> done
[5/56] 18 Microservices Async Communication w RabbitMQ & MassTransit for Checkout Order/035 TEST- Docker-Compose Microservices - PublishSubscribe BasketCheckout Event.srt
  Batch 1/9 (20 blocks)...
  Batch 2/9 (20 blocks)...
  Batch 3/9 (20 blocks)...
  Batch 4/9 (20 blocks)...
  Batch 5/9 (20 blocks)...
  Batch 6/9 (20 blocks)...
  Batch 7/9 (20 blocks)...
  Batch 8/9 (20 blocks)...
  Batch 9/9 (15 blocks)...
  -> done
Reached --max-files 5, exiting.

Finished in 184s. Errors: 0
[supervisor 07:17:33] translate.py exited (code=0). 313/349 done.
[supervisor 07:17:33] Committed (313/349). Pushing...
[supervisor 07:17:34] Pushed OK.
[supervisor 07:17:34] Restarting in 2s...
[supervisor 07:17:36] --- Run #2 ---
[supervisor 07:17:36] Starting translate.py (313/349 done)...
Total SRT files : 349
Already done    : 298
Remaining       : 51

[1/51] 19 Building API Gateways with Yarp Reverse Proxy applying Gateway Routing Pattern/001 Introduction - API Gateways with Yarp Reverse Proxy.srt
  Batch 1/3 (20 blocks)...
  Batch 2/3 (20 blocks)...
  Batch 3/3 (2 blocks)...
  -> done
[2/51] 19 Building API Gateways with Yarp Reverse Proxy applying Gateway Routing Pattern/002 Gateway Routing Pattern.srt
  Batch 1/2 (20 blocks)...
  Batch 2/2 (10 blocks)...
  -> done
[3/51] 19 Building API Gateways with Yarp Reverse Proxy applying Gateway Routing Pattern/003 API Gateway Pattern.srt
  Batch 1/2 (20 blocks)...
  Partial match (19/20 blocks), continuing...
  Batch 2/2 (15 blocks)...
  Partial match (14/15 blocks), continuing...
  -> done
[supervisor 07:18:09] Threshold (316 done). Committing...
[supervisor 07:18:09] Committed (316/349). Pushing...
[supervisor 07:18:11] Pushed OK.
[4/51] 19 Building API Gateways with Yarp Reverse Proxy applying Gateway Routing Pattern/004 Main features in the API Gateway Pattern.srt
  Batch 1/2 (20 blocks)...
  Batch 2/2 (15 blocks)...
  -> done
[5/51] 19 Building API Gateways with Yarp Reverse Proxy applying Gateway Routing Pattern/005 BFF Backend for Frontend Pattern.srt
  Batch 1/2 (20 blocks)...
  Partial match (19/20 blocks), continuing...
  Batch 2/2 (6 blocks)...
  -> done
Reached --max-files 5, exiting.

Finished in 50s. Errors: 0
[supervisor 07:18:27] translate.py exited (code=0). 318/349 done.
[supervisor 07:18:27] Committed (318/349). Pushing...
[supervisor 07:18:29] Pushed OK.
[supervisor 07:18:29] Restarting in 2s...
[supervisor 07:18:31] --- Run #3 ---
[supervisor 07:18:31] Starting translate.py (318/349 done)...
Total SRT files : 349
Already done    : 303
Remaining       : 46

[1/46] 19 Building API Gateways with Yarp Reverse Proxy applying Gateway Routing Pattern/006 YARP Reverse Proxy for API Gateway.srt
  Batch 1/4 (20 blocks)...
  Partial match (19/20 blocks), continuing...
  Batch 2/4 (20 blocks)...
  Batch 3/4 (20 blocks)...
  Batch 4/4 (19 blocks)...
  -> done
[2/46] 19 Building API Gateways with Yarp Reverse Proxy applying Gateway Routing Pattern/007 YARP Architecture with pipeline and Extensibility.srt
  Batch 1/3 (20 blocks)...
[supervisor 07:35:53] === Supervisor started. Target: 349 ===
[supervisor 07:35:53] --- Run #1 ---
[supervisor 07:35:53] Starting translate.py (319/349 done)...
Total SRT files : 349
Already done    : 304
Remaining       : 45

[1/45] 19 Building API Gateways with Yarp Reverse Proxy applying Gateway Routing Pattern/007 YARP Architecture with pipeline and Extensibility.srt
  Batch 1/3 (20 blocks)...
  Batch 2/3 (20 blocks)...
  Batch 3/3 (6 blocks)...
  -> done
[2/45] 19 Building API Gateways with Yarp Reverse Proxy applying Gateway Routing Pattern/008 Domain Analysis of YarpApiGateway Microservices Models, UCs, Rest Apis,Database.srt
  Batch 1/4 (20 blocks)...
  Batch 2/4 (20 blocks)...
  Partial match (19/20 blocks), continuing...
  Batch 3/4 (20 blocks)...
  Batch 4/4 (9 blocks)...
  -> done
[3/45] 19 Building API Gateways with Yarp Reverse Proxy applying Gateway Routing Pattern/009 Technical Analysis of YarpApiGateway Microservices Architectures, Patterns.srt
  Batch 1/3 (20 blocks)...
  Batch 2/3 (20 blocks)...
  Partial match (19/20 blocks), continuing...
  Batch 3/3 (4 blocks)...
  -> done
[supervisor 07:36:42] Threshold (322 done). Committing...
[supervisor 07:36:43] Committed (322/349). Pushing...
[supervisor 07:36:44] Pushed OK.
[4/45] 19 Building API Gateways with Yarp Reverse Proxy applying Gateway Routing Pattern/010 Create YarpApiGateway Microservices into ECommerce Solution.srt
  Batch 1/4 (20 blocks)...
  Partial match (18/20 blocks), continuing...
  Batch 2/4 (20 blocks)...
  Batch 3/4 (20 blocks)...
  Batch 4/4 (11 blocks)...
  -> done
[5/45] 19 Building API Gateways with Yarp Reverse Proxy applying Gateway Routing Pattern/011 Develop Yarp Reverse Proxy in YarpApiGateway Microservices.srt
  Batch 1/6 (20 blocks)...
  Batch 2/6 (20 blocks)...
  Batch 3/6 (20 blocks)...
  Batch 4/6 (20 blocks)...
  Partial match (17/20 blocks), continuing...
  Batch 5/6 (20 blocks)...
  Batch 6/6 (3 blocks)...
  -> done
Reached --max-files 5, exiting.

Finished in 106s. Errors: 0
[supervisor 07:37:40] translate.py exited (code=0). 324/349 done.
[supervisor 07:37:40] Committed (324/349). Pushing...
[supervisor 07:37:42] Pushed OK.
[supervisor 07:37:42] Restarting in 2s...
[supervisor 07:37:44] --- Run #2 ---
[supervisor 07:37:44] Starting translate.py (324/349 done)...
Total SRT files : 349
Already done    : 309
Remaining       : 40

[1/40] 19 Building API Gateways with Yarp Reverse Proxy applying Gateway Routing Pattern/012 Implement API Gateway using Yarp Reverse Proxy in YarpApiGateway Microservices.srt
  Batch 1/5 (20 blocks)...
  Batch 2/5 (20 blocks)...
  Batch 3/5 (20 blocks)...
  Batch 4/5 (20 blocks)...
  Batch 5/5 (14 blocks)...
  -> done
[2/40] 19 Building API Gateways with Yarp Reverse Proxy applying Gateway Routing Pattern/013 Implement API Gateway using Yarp Reverse Proxy in YarpApiGateway Microservices-2.srt
  Batch 1/4 (20 blocks)...
  Batch 2/4 (20 blocks)...
  Batch 3/4 (20 blocks)...
  Batch 4/4 (15 blocks)...
  -> done
[3/40] 19 Building API Gateways with Yarp Reverse Proxy applying Gateway Routing Pattern/014 TEST - Yarp Reverse Proxy as an API Gateway in YarpApiGateway Microservices.srt
  Batch 1/5 (20 blocks)...
  Batch 2/5 (20 blocks)...
  Batch 3/5 (20 blocks)...
  Batch 4/5 (20 blocks)...
  Partial match (18/20 blocks), continuing...
  Batch 5/5 (18 blocks)...
  -> done
[supervisor 07:38:52] Threshold (327 done). Committing...
