Total SRT files : 349
Already done    : 57
Remaining       : 292

[1/292] 01 Course Introduction/006 Microservices Multi-Architectural Patterns (External vs Internal Architectures).srt
  Batch 1/2 (20 blocks)...
  Partial match (19/20 blocks), continuing...
  Batch 2/2 (20 blocks)...
  -> done
[2/292] 05 First Microservice Catalog.API with Vertical Slice Architecture and CQRS/014 Develop Vertical Slice Feature Folder with CQRS and MediatR.srt
  Batch 1/3 (20 blocks)...
  Batch 2/3 (20 blocks)...
  Batch 3/3 (17 blocks)...
  Partial match (16/17 blocks), continuing...
  -> done
[3/292] 06 Develop Catalog.API Infrastructure, Handler and Endpoint Classes for CRUD/002 Infrastructure - Data Concerns for Catalog API - Marten .NET Transactional DB.srt
  Batch 1/2 (20 blocks)...
  Partial match (19/20 blocks), continuing...
  Batch 2/2 (17 blocks)...
  -> done
[4/292] 06 Develop Catalog.API Infrastructure, Handler and Endpoint Classes for CRUD/006 EShop Microservices Deployment Strategy.srt
  Batch 1/2 (20 blocks)...
  Partial match (19/20 blocks), continuing...
  Batch 2/2 (17 blocks)...
  -> done
[5/292] 06 Develop Catalog.API Infrastructure, Handler and Endpoint Classes for CRUD/008 Add PostgreSQL DB image into Docker-compose file for Multi-container Docker env.srt
  Batch 1/5 (20 blocks)...
  Batch 2/5 (20 blocks)...
  Batch 3/5 (20 blocks)...
  Batch 4/5 (20 blocks)...
  Batch 5/5 (7 blocks)...
  -> done
[6/292] 06 Develop Catalog.API Infrastructure, Handler and Endpoint Classes for CRUD/009 Run Docker-Compose on Visual Studio to setup PostgreSQL DB on Docker.srt
  Batch 1/4 (20 blocks)...
  Batch 2/4 (20 blocks)...
  Batch 3/4 (20 blocks)...
  Batch 4/4 (18 blocks)...
  -> done
[7/292] 06 Develop Catalog.API Infrastructure, Handler and Endpoint Classes for CRUD/010 Connect Postgres DB from local Catalog Microservices and send POST request.srt
  Batch 1/4 (20 blocks)...
  Batch 2/4 (20 blocks)...
  Batch 3/4 (20 blocks)...
  Batch 4/4 (15 blocks)...
  -> done
[8/292] 06 Develop Catalog.API Infrastructure, Handler and Endpoint Classes for CRUD/011 Develop GetProducts Feature in Vertical Slice with CQRS, MediatR in Handler clas.srt
  Batch 1/5 (20 blocks)...
  Batch 2/5 (20 blocks)...
  Batch 3/5 (20 blocks)...
  Batch 4/5 (20 blocks)...
  Batch 5/5 (3 blocks)...
